  [1m[35m (0.2ms)[0m  [1m[34mSELECT sqlite_version(*)[0m
  ↳ /home/cuslar/.rvm/gems/ruby-2.5.1/bin/rake:23
  [1m[35m (54.0ms)[0m  [1m[35mCREATE TABLE "schema_migrations" ("version" varchar NOT NULL PRIMARY KEY)[0m
  ↳ /home/cuslar/.rvm/gems/ruby-2.5.1/bin/rake:23
  [1m[35m (8.3ms)[0m  [1m[35mCREATE TABLE "ar_internal_metadata" ("key" varchar NOT NULL PRIMARY KEY, "value" varchar, "created_at" datetime NOT NULL, "updated_at" datetime NOT NULL)[0m
  ↳ /home/cuslar/.rvm/gems/ruby-2.5.1/bin/rake:23
  [1m[35m (0.3ms)[0m  [1m[34mSELECT "schema_migrations"."version" FROM "schema_migrations" ORDER BY "schema_migrations"."version" ASC[0m
  ↳ /home/cuslar/.rvm/gems/ruby-2.5.1/bin/rake:23
Migrating to CreateUsers (20190329134320)
  [1m[35m (0.1ms)[0m  [1m[36mbegin transaction[0m
  ↳ /home/cuslar/.rvm/gems/ruby-2.5.1/bin/rake:23
  [1m[35m (0.6ms)[0m  [1m[35mCREATE TABLE "users" ("id" integer PRIMARY KEY AUTOINCREMENT NOT NULL, "name" varchar, "lastname" varchar, "email" varchar, "password" varchar, "address" varchar, "created_at" datetime NOT NULL, "updated_at" datetime NOT NULL)[0m
  ↳ db/migrate/20190329134320_create_users.rb:3
  [1m[36mActiveRecord::SchemaMigration Create (0.2ms)[0m  [1m[32mINSERT INTO "schema_migrations" ("version") VALUES (?)[0m  [["version", "20190329134320"]]
  ↳ /home/cuslar/.rvm/gems/ruby-2.5.1/bin/rake:23
  [1m[35m (11.0ms)[0m  [1m[36mcommit transaction[0m
  ↳ /home/cuslar/.rvm/gems/ruby-2.5.1/bin/rake:23
Migrating to CreateEventVenues (20190329134334)
  [1m[35m (0.1ms)[0m  [1m[36mbegin transaction[0m
  ↳ /home/cuslar/.rvm/gems/ruby-2.5.1/bin/rake:23
  [1m[35m (0.5ms)[0m  [1m[35mCREATE TABLE "event_venues" ("id" integer PRIMARY KEY AUTOINCREMENT NOT NULL, "name" varchar, "address" varchar, "capacity" integer, "created_at" datetime NOT NULL, "updated_at" datetime NOT NULL)[0m
  ↳ db/migrate/20190329134334_create_event_venues.rb:3
  [1m[36mActiveRecord::SchemaMigration Create (0.3ms)[0m  [1m[32mINSERT INTO "schema_migrations" ("version") VALUES (?)[0m  [["version", "20190329134334"]]
  ↳ /home/cuslar/.rvm/gems/ruby-2.5.1/bin/rake:23
  [1m[35m (11.9ms)[0m  [1m[36mcommit transaction[0m
  ↳ /home/cuslar/.rvm/gems/ruby-2.5.1/bin/rake:23
Migrating to CreateEvents (20190329134423)
  [1m[35m (0.1ms)[0m  [1m[36mbegin transaction[0m
  ↳ /home/cuslar/.rvm/gems/ruby-2.5.1/bin/rake:23
  [1m[35m (0.8ms)[0m  [1m[35mCREATE TABLE "events" ("id" integer PRIMARY KEY AUTOINCREMENT NOT NULL, "name" varchar, "description" varchar, "start_date" date, "event_venue_id" integer, "created_at" datetime NOT NULL, "updated_at" datetime NOT NULL, CONSTRAINT "fk_rails_07a8e73ad7"
FOREIGN KEY ("event_venue_id")
  REFERENCES "event_venues" ("id")
)[0m
  ↳ db/migrate/20190329134423_create_events.rb:3
  [1m[35m (0.2ms)[0m  [1m[35mCREATE  INDEX "index_events_on_event_venue_id" ON "events" ("event_venue_id")[0m
  ↳ db/migrate/20190329134423_create_events.rb:3
  [1m[36mActiveRecord::SchemaMigration Create (0.6ms)[0m  [1m[32mINSERT INTO "schema_migrations" ("version") VALUES (?)[0m  [["version", "20190329134423"]]
  ↳ /home/cuslar/.rvm/gems/ruby-2.5.1/bin/rake:23
  [1m[35m (7.0ms)[0m  [1m[36mcommit transaction[0m
  ↳ /home/cuslar/.rvm/gems/ruby-2.5.1/bin/rake:23
Migrating to CreateTicketZones (20190329134615)
  [1m[35m (0.1ms)[0m  [1m[36mbegin transaction[0m
  ↳ /home/cuslar/.rvm/gems/ruby-2.5.1/bin/rake:23
  [1m[35m (0.5ms)[0m  [1m[35mCREATE TABLE "ticket_zones" ("id" integer PRIMARY KEY AUTOINCREMENT NOT NULL, "zone" varchar, "created_at" datetime NOT NULL, "updated_at" datetime NOT NULL)[0m
  ↳ db/migrate/20190329134615_create_ticket_zones.rb:3
  [1m[36mActiveRecord::SchemaMigration Create (0.4ms)[0m  [1m[32mINSERT INTO "schema_migrations" ("version") VALUES (?)[0m  [["version", "20190329134615"]]
  ↳ /home/cuslar/.rvm/gems/ruby-2.5.1/bin/rake:23
  [1m[35m (9.6ms)[0m  [1m[36mcommit transaction[0m
  ↳ /home/cuslar/.rvm/gems/ruby-2.5.1/bin/rake:23
Migrating to CreateTicketTypes (20190329134642)
  [1m[35m (0.1ms)[0m  [1m[36mbegin transaction[0m
  ↳ /home/cuslar/.rvm/gems/ruby-2.5.1/bin/rake:23
  [1m[35m (0.7ms)[0m  [1m[35mCREATE TABLE "ticket_types" ("id" integer PRIMARY KEY AUTOINCREMENT NOT NULL, "event_id" integer, "price" integer, "ticket_zone_id" integer, "created_at" datetime NOT NULL, "updated_at" datetime NOT NULL, CONSTRAINT "fk_rails_3f5bd3dab9"
FOREIGN KEY ("event_id")
  REFERENCES "events" ("id")
, CONSTRAINT "fk_rails_0920abe530"
FOREIGN KEY ("ticket_zone_id")
  REFERENCES "ticket_zones" ("id")
)[0m
  ↳ db/migrate/20190329134642_create_ticket_types.rb:3
  [1m[35m (0.5ms)[0m  [1m[35mCREATE  INDEX "index_ticket_types_on_event_id" ON "ticket_types" ("event_id")[0m
  ↳ db/migrate/20190329134642_create_ticket_types.rb:3
  [1m[35m (0.3ms)[0m  [1m[35mCREATE  INDEX "index_ticket_types_on_ticket_zone_id" ON "ticket_types" ("ticket_zone_id")[0m
  ↳ db/migrate/20190329134642_create_ticket_types.rb:3
  [1m[36mActiveRecord::SchemaMigration Create (0.3ms)[0m  [1m[32mINSERT INTO "schema_migrations" ("version") VALUES (?)[0m  [["version", "20190329134642"]]
  ↳ /home/cuslar/.rvm/gems/ruby-2.5.1/bin/rake:23
  [1m[35m (165.3ms)[0m  [1m[36mcommit transaction[0m
  ↳ /home/cuslar/.rvm/gems/ruby-2.5.1/bin/rake:23
Migrating to CreateOrders (20190329134721)
  [1m[35m (0.1ms)[0m  [1m[36mbegin transaction[0m
  ↳ /home/cuslar/.rvm/gems/ruby-2.5.1/bin/rake:23
  [1m[35m (0.5ms)[0m  [1m[35mCREATE TABLE "orders" ("id" integer PRIMARY KEY AUTOINCREMENT NOT NULL, "user_id" integer, "created_at" datetime NOT NULL, "updated_at" datetime NOT NULL, CONSTRAINT "fk_rails_f868b47f6a"
FOREIGN KEY ("user_id")
  REFERENCES "users" ("id")
)[0m
  ↳ db/migrate/20190329134721_create_orders.rb:3
  [1m[35m (0.2ms)[0m  [1m[35mCREATE  INDEX "index_orders_on_user_id" ON "orders" ("user_id")[0m
  ↳ db/migrate/20190329134721_create_orders.rb:3
  [1m[36mActiveRecord::SchemaMigration Create (0.2ms)[0m  [1m[32mINSERT INTO "schema_migrations" ("version") VALUES (?)[0m  [["version", "20190329134721"]]
  ↳ /home/cuslar/.rvm/gems/ruby-2.5.1/bin/rake:23
  [1m[35m (5.9ms)[0m  [1m[36mcommit transaction[0m
  ↳ /home/cuslar/.rvm/gems/ruby-2.5.1/bin/rake:23
Migrating to CreateTickets (20190329134851)
  [1m[35m (0.1ms)[0m  [1m[36mbegin transaction[0m
  ↳ /home/cuslar/.rvm/gems/ruby-2.5.1/bin/rake:23
  [1m[35m (1.0ms)[0m  [1m[35mCREATE TABLE "tickets" ("id" integer PRIMARY KEY AUTOINCREMENT NOT NULL, "ticket_type_id" integer, "order_id" integer, "created_at" datetime NOT NULL, "updated_at" datetime NOT NULL, CONSTRAINT "fk_rails_89217f3a4e"
FOREIGN KEY ("ticket_type_id")
  REFERENCES "ticket_types" ("id")
, CONSTRAINT "fk_rails_c6410ba81d"
FOREIGN KEY ("order_id")
  REFERENCES "orders" ("id")
)[0m
  ↳ db/migrate/20190329134851_create_tickets.rb:3
  [1m[35m (0.3ms)[0m  [1m[35mCREATE  INDEX "index_tickets_on_ticket_type_id" ON "tickets" ("ticket_type_id")[0m
  ↳ db/migrate/20190329134851_create_tickets.rb:3
  [1m[35m (0.2ms)[0m  [1m[35mCREATE  INDEX "index_tickets_on_order_id" ON "tickets" ("order_id")[0m
  ↳ db/migrate/20190329134851_create_tickets.rb:3
  [1m[36mActiveRecord::SchemaMigration Create (0.3ms)[0m  [1m[32mINSERT INTO "schema_migrations" ("version") VALUES (?)[0m  [["version", "20190329134851"]]
  ↳ /home/cuslar/.rvm/gems/ruby-2.5.1/bin/rake:23
  [1m[35m (7.1ms)[0m  [1m[36mcommit transaction[0m
  ↳ /home/cuslar/.rvm/gems/ruby-2.5.1/bin/rake:23
  [1m[36mActiveRecord::InternalMetadata Load (0.3ms)[0m  [1m[34mSELECT  "ar_internal_metadata".* FROM "ar_internal_metadata" WHERE "ar_internal_metadata"."key" = ? LIMIT ?[0m  [["key", "environment"], ["LIMIT", 1]]
  ↳ /home/cuslar/.rvm/gems/ruby-2.5.1/bin/rake:23
  [1m[35m (0.1ms)[0m  [1m[36mbegin transaction[0m
  ↳ /home/cuslar/.rvm/gems/ruby-2.5.1/bin/rake:23
  [1m[36mActiveRecord::InternalMetadata Create (0.7ms)[0m  [1m[32mINSERT INTO "ar_internal_metadata" ("key", "value", "created_at", "updated_at") VALUES (?, ?, ?, ?)[0m  [["key", "environment"], ["value", "development"], ["created_at", "2019-04-03 12:17:03.845423"], ["updated_at", "2019-04-03 12:17:03.845423"]]
  ↳ /home/cuslar/.rvm/gems/ruby-2.5.1/bin/rake:23
  [1m[35m (6.0ms)[0m  [1m[36mcommit transaction[0m
  ↳ /home/cuslar/.rvm/gems/ruby-2.5.1/bin/rake:23
  [1m[35m (0.2ms)[0m  [1m[34mSELECT "schema_migrations"."version" FROM "schema_migrations" ORDER BY "schema_migrations"."version" ASC[0m
  ↳ /home/cuslar/.rvm/gems/ruby-2.5.1/bin/rake:23
  [1m[35m (0.3ms)[0m  [1m[34mSELECT "schema_migrations"."version" FROM "schema_migrations" ORDER BY "schema_migrations"."version" ASC[0m
  ↳ /home/cuslar/.rvm/gems/ruby-2.5.1/bin/rake:23
  [1m[36mActiveRecord::InternalMetadata Load (0.3ms)[0m  [1m[34mSELECT  "ar_internal_metadata".* FROM "ar_internal_metadata" WHERE "ar_internal_metadata"."key" = ? LIMIT ?[0m  [["key", "environment"], ["LIMIT", 1]]
  ↳ /home/cuslar/.rvm/gems/ruby-2.5.1/bin/rake:23
  [1m[35m (0.1ms)[0m  [1m[36mbegin transaction[0m
  ↳ /home/cuslar/.rvm/gems/ruby-2.5.1/bin/rake:23
  [1m[35m (0.1ms)[0m  [1m[36mcommit transaction[0m
  ↳ /home/cuslar/.rvm/gems/ruby-2.5.1/bin/rake:23
  [1m[35m (0.1ms)[0m  [1m[34mSELECT "schema_migrations"."version" FROM "schema_migrations" ORDER BY "schema_migrations"."version" ASC[0m
  ↳ /home/cuslar/.rvm/gems/ruby-2.5.1/bin/rake:23
  [1m[35m (0.3ms)[0m  [1m[34mSELECT "schema_migrations"."version" FROM "schema_migrations" ORDER BY "schema_migrations"."version" ASC[0m
  ↳ /home/cuslar/.rvm/gems/ruby-2.5.1/bin/rake:23
  [1m[36mActiveRecord::InternalMetadata Load (0.3ms)[0m  [1m[34mSELECT  "ar_internal_metadata".* FROM "ar_internal_metadata" WHERE "ar_internal_metadata"."key" = ? LIMIT ?[0m  [["key", "environment"], ["LIMIT", 1]]
  ↳ /home/cuslar/.rvm/gems/ruby-2.5.1/bin/rake:23
  [1m[35m (0.1ms)[0m  [1m[36mbegin transaction[0m
  ↳ /home/cuslar/.rvm/gems/ruby-2.5.1/bin/rake:23
  [1m[35m (0.1ms)[0m  [1m[36mcommit transaction[0m
  ↳ /home/cuslar/.rvm/gems/ruby-2.5.1/bin/rake:23
  [1m[35m (0.2ms)[0m  [1m[34mSELECT "schema_migrations"."version" FROM "schema_migrations" ORDER BY "schema_migrations"."version" ASC[0m
  ↳ /home/cuslar/.rvm/gems/ruby-2.5.1/bin/rake:23
  [1m[35m (0.2ms)[0m  [1m[36mbegin transaction[0m
  [1m[35m (0.1ms)[0m  [1m[31mrollback transaction[0m
  [1m[36mUser Load (0.8ms)[0m  [1m[34mSELECT  "users".* FROM "users" LIMIT ?[0m  [["LIMIT", 11]]
  [1m[35m (0.2ms)[0m  [1m[36mbegin transaction[0m
  [1m[36mUser Create (1.7ms)[0m  [1m[32mINSERT INTO "users" ("name", "lastname", "email", "password", "address", "created_at", "updated_at") VALUES (?, ?, ?, ?, ?, ?, ?)[0m  [["name", "Cristobal"], ["lastname", "Uslar"], ["email", "hola@gmail.com"], ["password", "hola123"], ["address", "hola345"], ["created_at", "2019-04-03 12:47:19.434766"], ["updated_at", "2019-04-03 12:47:19.434766"]]
  [1m[35m (21.2ms)[0m  [1m[36mcommit transaction[0m
  [1m[36mUser Load (0.2ms)[0m  [1m[34mSELECT  "users".* FROM "users" LIMIT ?[0m  [["LIMIT", 11]]
  [1m[35m (0.3ms)[0m  [1m[34mSELECT "schema_migrations"."version" FROM "schema_migrations" ORDER BY "schema_migrations"."version" ASC[0m
  ↳ /home/cuslar/.rvm/gems/ruby-2.5.1/bin/rake:23
  [1m[35m (0.2ms)[0m  [1m[34mSELECT "ar_internal_metadata"."value" FROM "ar_internal_metadata" WHERE "ar_internal_metadata"."key" = ?[0m  [["key", "environment"]]
  ↳ /home/cuslar/.rvm/gems/ruby-2.5.1/bin/rake:23
  [1m[35m (0.1ms)[0m  [1m[34mSELECT "schema_migrations"."version" FROM "schema_migrations" ORDER BY "schema_migrations"."version" ASC[0m
  ↳ /home/cuslar/.rvm/gems/ruby-2.5.1/bin/rake:23
  [1m[35m (0.2ms)[0m  [1m[34mSELECT "ar_internal_metadata"."value" FROM "ar_internal_metadata" WHERE "ar_internal_metadata"."key" = ?[0m  [["key", "environment"]]
  ↳ /home/cuslar/.rvm/gems/ruby-2.5.1/bin/rake:23
  [1m[35m (0.2ms)[0m  [1m[34mSELECT "schema_migrations"."version" FROM "schema_migrations" ORDER BY "schema_migrations"."version" ASC[0m
  ↳ /home/cuslar/.rvm/gems/ruby-2.5.1/bin/rake:23
  [1m[35m (0.3ms)[0m  [1m[34mSELECT "ar_internal_metadata"."value" FROM "ar_internal_metadata" WHERE "ar_internal_metadata"."key" = ?[0m  [["key", "environment"]]
  ↳ /home/cuslar/.rvm/gems/ruby-2.5.1/bin/rake:23
  [1m[35m (0.2ms)[0m  [1m[35mDROP TABLE IF EXISTS "event_venues"[0m
  ↳ db/schema.rb:15
  [1m[35m (0.2ms)[0m  [1m[34mSELECT sqlite_version(*)[0m
  ↳ db/schema.rb:15
  [1m[35m (1852.1ms)[0m  [1m[35mCREATE TABLE "event_venues" ("id" integer PRIMARY KEY AUTOINCREMENT NOT NULL, "name" varchar, "address" varchar, "capacity" integer, "created_at" datetime NOT NULL, "updated_at" datetime NOT NULL)[0m
  ↳ db/schema.rb:15
  [1m[35m (0.6ms)[0m  [1m[35mDROP TABLE IF EXISTS "events"[0m
  ↳ db/schema.rb:23
  [1m[35m (1359.3ms)[0m  [1m[35mCREATE TABLE "events" ("id" integer PRIMARY KEY AUTOINCREMENT NOT NULL, "name" varchar, "description" varchar, "start_date" date, "event_venue_id" integer, "created_at" datetime NOT NULL, "updated_at" datetime NOT NULL)[0m
  ↳ db/schema.rb:23
  [1m[35m (181.5ms)[0m  [1m[35mCREATE  INDEX "index_events_on_event_venue_id" ON "events" ("event_venue_id")[0m
  ↳ db/schema.rb:23
  [1m[35m (0.2ms)[0m  [1m[35mDROP TABLE IF EXISTS "orders"[0m
  ↳ db/schema.rb:33
  [1m[35m (215.7ms)[0m  [1m[35mCREATE TABLE "orders" ("id" integer PRIMARY KEY AUTOINCREMENT NOT NULL, "user_id" integer, "created_at" datetime NOT NULL, "updated_at" datetime NOT NULL)[0m
  ↳ db/schema.rb:33
  [1m[35m (225.5ms)[0m  [1m[35mCREATE  INDEX "index_orders_on_user_id" ON "orders" ("user_id")[0m
  ↳ db/schema.rb:33
  [1m[35m (0.3ms)[0m  [1m[35mDROP TABLE IF EXISTS "ticket_types"[0m
  ↳ db/schema.rb:40
  [1m[35m (300.9ms)[0m  [1m[35mCREATE TABLE "ticket_types" ("id" integer PRIMARY KEY AUTOINCREMENT NOT NULL, "event_id" integer, "price" integer, "ticket_zone_id" integer, "created_at" datetime NOT NULL, "updated_at" datetime NOT NULL)[0m
  ↳ db/schema.rb:40
  [1m[35m (296.9ms)[0m  [1m[35mCREATE  INDEX "index_ticket_types_on_event_id" ON "ticket_types" ("event_id")[0m
  ↳ db/schema.rb:40
  [1m[35m (202.7ms)[0m  [1m[35mCREATE  INDEX "index_ticket_types_on_ticket_zone_id" ON "ticket_types" ("ticket_zone_id")[0m
  ↳ db/schema.rb:40
  [1m[35m (0.4ms)[0m  [1m[35mDROP TABLE IF EXISTS "ticket_zones"[0m
  ↳ db/schema.rb:50
  [1m[35m (1300.7ms)[0m  [1m[35mCREATE TABLE "ticket_zones" ("id" integer PRIMARY KEY AUTOINCREMENT NOT NULL, "zone" varchar, "created_at" datetime NOT NULL, "updated_at" datetime NOT NULL)[0m
  ↳ db/schema.rb:50
  [1m[35m (0.3ms)[0m  [1m[35mDROP TABLE IF EXISTS "tickets"[0m
  ↳ db/schema.rb:56
  [1m[35m (183.6ms)[0m  [1m[35mCREATE TABLE "tickets" ("id" integer PRIMARY KEY AUTOINCREMENT NOT NULL, "ticket_type_id" integer, "order_id" integer, "created_at" datetime NOT NULL, "updated_at" datetime NOT NULL)[0m
  ↳ db/schema.rb:56
  [1m[35m (224.4ms)[0m  [1m[35mCREATE  INDEX "index_tickets_on_order_id" ON "tickets" ("order_id")[0m
  ↳ db/schema.rb:56
  [1m[35m (26.1ms)[0m  [1m[35mCREATE  INDEX "index_tickets_on_ticket_type_id" ON "tickets" ("ticket_type_id")[0m
  ↳ db/schema.rb:56
  [1m[35m (0.3ms)[0m  [1m[35mDROP TABLE IF EXISTS "users"[0m
  ↳ db/schema.rb:65
  [1m[35m (224.7ms)[0m  [1m[35mCREATE TABLE "users" ("id" integer PRIMARY KEY AUTOINCREMENT NOT NULL, "name" varchar, "lastname" varchar, "email" varchar, "password" varchar, "address" varchar, "created_at" datetime NOT NULL, "updated_at" datetime NOT NULL)[0m
  ↳ db/schema.rb:65
  [1m[35m (226.4ms)[0m  [1m[35mCREATE TABLE "schema_migrations" ("version" varchar NOT NULL PRIMARY KEY)[0m
  ↳ db/schema.rb:13
  [1m[35m (0.3ms)[0m  [1m[34mSELECT "schema_migrations"."version" FROM "schema_migrations" ORDER BY "schema_migrations"."version" ASC[0m
  ↳ db/schema.rb:13
  [1m[35m (256.2ms)[0m  [1m[32mINSERT INTO "schema_migrations" (version) VALUES (20190329134851)[0m
  ↳ db/schema.rb:13
  [1m[35m (127.2ms)[0m  [1m[32mINSERT INTO "schema_migrations" (version) VALUES
(20190329134721),
(20190329134334),
(20190329134615),
(20190329134423),
(20190329134642),
(20190329134320);

[0m
  ↳ db/schema.rb:13
  [1m[35m (527.6ms)[0m  [1m[35mCREATE TABLE "ar_internal_metadata" ("key" varchar NOT NULL PRIMARY KEY, "value" varchar, "created_at" datetime NOT NULL, "updated_at" datetime NOT NULL)[0m
  ↳ db/schema.rb:13
  [1m[36mActiveRecord::InternalMetadata Load (0.3ms)[0m  [1m[34mSELECT  "ar_internal_metadata".* FROM "ar_internal_metadata" WHERE "ar_internal_metadata"."key" = ? LIMIT ?[0m  [["key", "environment"], ["LIMIT", 1]]
  ↳ db/schema.rb:13
  [1m[35m (0.1ms)[0m  [1m[36mbegin transaction[0m
  ↳ db/schema.rb:13
  [1m[36mActiveRecord::InternalMetadata Create (1.9ms)[0m  [1m[32mINSERT INTO "ar_internal_metadata" ("key", "value", "created_at", "updated_at") VALUES (?, ?, ?, ?)[0m  [["key", "environment"], ["value", "development"], ["created_at", "2019-04-03 12:49:05.704572"], ["updated_at", "2019-04-03 12:49:05.704572"]]
  ↳ db/schema.rb:13
  [1m[35m (199.6ms)[0m  [1m[36mcommit transaction[0m
  ↳ db/schema.rb:13
  [1m[36mActiveRecord::InternalMetadata Load (0.3ms)[0m  [1m[34mSELECT  "ar_internal_metadata".* FROM "ar_internal_metadata" WHERE "ar_internal_metadata"."key" = ? LIMIT ?[0m  [["key", "environment"], ["LIMIT", 1]]
  ↳ /home/cuslar/.rvm/gems/ruby-2.5.1/bin/rake:23
  [1m[35m (0.2ms)[0m  [1m[36mbegin transaction[0m
  ↳ /home/cuslar/.rvm/gems/ruby-2.5.1/bin/rake:23
  [1m[35m (0.1ms)[0m  [1m[36mcommit transaction[0m
  ↳ /home/cuslar/.rvm/gems/ruby-2.5.1/bin/rake:23
  [1m[35m (0.2ms)[0m  [1m[35mDROP TABLE IF EXISTS "event_venues"[0m
  ↳ db/schema.rb:15
  [1m[35m (0.2ms)[0m  [1m[34mSELECT sqlite_version(*)[0m
  ↳ db/schema.rb:15
  [1m[35m (159.0ms)[0m  [1m[35mCREATE TABLE "event_venues" ("id" integer PRIMARY KEY AUTOINCREMENT NOT NULL, "name" varchar, "address" varchar, "capacity" integer, "created_at" datetime NOT NULL, "updated_at" datetime NOT NULL)[0m
  ↳ db/schema.rb:15
  [1m[35m (0.3ms)[0m  [1m[35mDROP TABLE IF EXISTS "events"[0m
  ↳ db/schema.rb:23
  [1m[35m (44.7ms)[0m  [1m[35mCREATE TABLE "events" ("id" integer PRIMARY KEY AUTOINCREMENT NOT NULL, "name" varchar, "description" varchar, "start_date" date, "event_venue_id" integer, "created_at" datetime NOT NULL, "updated_at" datetime NOT NULL)[0m
  ↳ db/schema.rb:23
  [1m[35m (181.3ms)[0m  [1m[35mCREATE  INDEX "index_events_on_event_venue_id" ON "events" ("event_venue_id")[0m
  ↳ db/schema.rb:23
  [1m[35m (0.2ms)[0m  [1m[35mDROP TABLE IF EXISTS "orders"[0m
  ↳ db/schema.rb:33
  [1m[35m (129.7ms)[0m  [1m[35mCREATE TABLE "orders" ("id" integer PRIMARY KEY AUTOINCREMENT NOT NULL, "user_id" integer, "created_at" datetime NOT NULL, "updated_at" datetime NOT NULL)[0m
  ↳ db/schema.rb:33
  [1m[35m (506.3ms)[0m  [1m[35mCREATE  INDEX "index_orders_on_user_id" ON "orders" ("user_id")[0m
  ↳ db/schema.rb:33
  [1m[35m (0.3ms)[0m  [1m[35mDROP TABLE IF EXISTS "ticket_types"[0m
  ↳ db/schema.rb:40
  [1m[35m (451.7ms)[0m  [1m[35mCREATE TABLE "ticket_types" ("id" integer PRIMARY KEY AUTOINCREMENT NOT NULL, "event_id" integer, "price" integer, "ticket_zone_id" integer, "created_at" datetime NOT NULL, "updated_at" datetime NOT NULL)[0m
  ↳ db/schema.rb:40
  [1m[35m (559.8ms)[0m  [1m[35mCREATE  INDEX "index_ticket_types_on_event_id" ON "ticket_types" ("event_id")[0m
  ↳ db/schema.rb:40
  [1m[35m (472.0ms)[0m  [1m[35mCREATE  INDEX "index_ticket_types_on_ticket_zone_id" ON "ticket_types" ("ticket_zone_id")[0m
  ↳ db/schema.rb:40
  [1m[35m (0.3ms)[0m  [1m[35mDROP TABLE IF EXISTS "ticket_zones"[0m
  ↳ db/schema.rb:50
  [1m[35m (108.0ms)[0m  [1m[35mCREATE TABLE "ticket_zones" ("id" integer PRIMARY KEY AUTOINCREMENT NOT NULL, "zone" varchar, "created_at" datetime NOT NULL, "updated_at" datetime NOT NULL)[0m
  ↳ db/schema.rb:50
  [1m[35m (0.3ms)[0m  [1m[35mDROP TABLE IF EXISTS "tickets"[0m
  ↳ db/schema.rb:56
  [1m[35m (34.9ms)[0m  [1m[35mCREATE TABLE "tickets" ("id" integer PRIMARY KEY AUTOINCREMENT NOT NULL, "ticket_type_id" integer, "order_id" integer, "created_at" datetime NOT NULL, "updated_at" datetime NOT NULL)[0m
  ↳ db/schema.rb:56
  [1m[35m (213.4ms)[0m  [1m[35mCREATE  INDEX "index_tickets_on_order_id" ON "tickets" ("order_id")[0m
  ↳ db/schema.rb:56
  [1m[35m (297.9ms)[0m  [1m[35mCREATE  INDEX "index_tickets_on_ticket_type_id" ON "tickets" ("ticket_type_id")[0m
  ↳ db/schema.rb:56
  [1m[35m (0.2ms)[0m  [1m[35mDROP TABLE IF EXISTS "users"[0m
  ↳ db/schema.rb:65
  [1m[35m (245.6ms)[0m  [1m[35mCREATE TABLE "users" ("id" integer PRIMARY KEY AUTOINCREMENT NOT NULL, "name" varchar, "lastname" varchar, "email" varchar, "password" varchar, "address" varchar, "created_at" datetime NOT NULL, "updated_at" datetime NOT NULL)[0m
  ↳ db/schema.rb:65
  [1m[35m (495.7ms)[0m  [1m[35mCREATE TABLE "schema_migrations" ("version" varchar NOT NULL PRIMARY KEY)[0m
  ↳ db/schema.rb:13
  [1m[35m (0.4ms)[0m  [1m[34mSELECT "schema_migrations"."version" FROM "schema_migrations" ORDER BY "schema_migrations"."version" ASC[0m
  ↳ db/schema.rb:13
  [1m[35m (333.5ms)[0m  [1m[32mINSERT INTO "schema_migrations" (version) VALUES (20190329134851)[0m
  ↳ db/schema.rb:13
  [1m[35m (34.4ms)[0m  [1m[32mINSERT INTO "schema_migrations" (version) VALUES
(20190329134721),
(20190329134334),
(20190329134615),
(20190329134423),
(20190329134642),
(20190329134320);

[0m
  ↳ db/schema.rb:13
  [1m[35m (8.7ms)[0m  [1m[35mCREATE TABLE "ar_internal_metadata" ("key" varchar NOT NULL PRIMARY KEY, "value" varchar, "created_at" datetime NOT NULL, "updated_at" datetime NOT NULL)[0m
  ↳ db/schema.rb:13
  [1m[36mActiveRecord::InternalMetadata Load (0.5ms)[0m  [1m[34mSELECT  "ar_internal_metadata".* FROM "ar_internal_metadata" WHERE "ar_internal_metadata"."key" = ? LIMIT ?[0m  [["key", "environment"], ["LIMIT", 1]]
  ↳ db/schema.rb:13
  [1m[35m (0.1ms)[0m  [1m[36mbegin transaction[0m
  ↳ db/schema.rb:13
  [1m[36mActiveRecord::InternalMetadata Create (0.8ms)[0m  [1m[32mINSERT INTO "ar_internal_metadata" ("key", "value", "created_at", "updated_at") VALUES (?, ?, ?, ?)[0m  [["key", "environment"], ["value", "development"], ["created_at", "2019-04-03 12:49:10.262736"], ["updated_at", "2019-04-03 12:49:10.262736"]]
  ↳ db/schema.rb:13
  [1m[35m (62.2ms)[0m  [1m[36mcommit transaction[0m
  ↳ db/schema.rb:13
  [1m[36mActiveRecord::InternalMetadata Load (0.2ms)[0m  [1m[34mSELECT  "ar_internal_metadata".* FROM "ar_internal_metadata" WHERE "ar_internal_metadata"."key" = ? LIMIT ?[0m  [["key", "environment"], ["LIMIT", 1]]
  ↳ /home/cuslar/.rvm/gems/ruby-2.5.1/bin/rake:23
  [1m[35m (0.1ms)[0m  [1m[36mbegin transaction[0m
  ↳ /home/cuslar/.rvm/gems/ruby-2.5.1/bin/rake:23
  [1m[36mActiveRecord::InternalMetadata Update (1.4ms)[0m  [1m[33mUPDATE "ar_internal_metadata" SET "value" = ?, "updated_at" = ? WHERE "ar_internal_metadata"."key" = ?[0m  [["value", "test"], ["updated_at", "2019-04-03 12:49:10.335314"], ["key", "environment"]]
  ↳ /home/cuslar/.rvm/gems/ruby-2.5.1/bin/rake:23
  [1m[35m (52.4ms)[0m  [1m[36mcommit transaction[0m
  ↳ /home/cuslar/.rvm/gems/ruby-2.5.1/bin/rake:23
  [1m[35m (0.3ms)[0m  [1m[34mSELECT "schema_migrations"."version" FROM "schema_migrations" ORDER BY "schema_migrations"."version" ASC[0m
  ↳ /home/cuslar/.rvm/gems/ruby-2.5.1/bin/rake:23
  [1m[35m (0.1ms)[0m  [1m[36mbegin transaction[0m
  ↳ db/seeds.rb:25
  [1m[36mUser Create (1.2ms)[0m  [1m[32mINSERT INTO "users" ("name", "lastname", "email", "password", "address", "created_at", "updated_at") VALUES (?, ?, ?, ?, ?, ?, ?)[0m  [["name", "Claudio"], ["lastname", "Alvarez"], ["email", "calvarez1@miuandes.cl"], ["password", "123456"], ["address", "San Carlos de Apoquindo"], ["created_at", "2019-04-03 12:49:10.452857"], ["updated_at", "2019-04-03 12:49:10.452857"]]
  ↳ db/seeds.rb:25
  [1m[35m (71.9ms)[0m  [1m[36mcommit transaction[0m
  ↳ db/seeds.rb:25
  [1m[35m (0.2ms)[0m  [1m[36mbegin transaction[0m
  ↳ db/seeds.rb:25
  [1m[36mUser Create (2.3ms)[0m  [1m[32mINSERT INTO "users" ("name", "lastname", "email", "password", "address", "created_at", "updated_at") VALUES (?, ?, ?, ?, ?, ?, ?)[0m  [["name", "Juan"], ["lastname", "Rataplan"], ["email", "jrataplan@miuandes.cl"], ["password", "123456"], ["address", "San Carlos de Apoquindo"], ["created_at", "2019-04-03 12:49:10.558956"], ["updated_at", "2019-04-03 12:49:10.558956"]]
  ↳ db/seeds.rb:25
  [1m[35m (38.0ms)[0m  [1m[36mcommit transaction[0m
  ↳ db/seeds.rb:25
  [1m[35m (0.1ms)[0m  [1m[36mbegin transaction[0m
  ↳ db/seeds.rb:25
  [1m[36mUser Create (2.2ms)[0m  [1m[32mINSERT INTO "users" ("name", "lastname", "email", "password", "address", "created_at", "updated_at") VALUES (?, ?, ?, ?, ?, ?, ?)[0m  [["name", "Raul"], ["lastname", "Rabufetti"], ["email", "rrabufetti@miuandes.cl"], ["password", "123456"], ["address", "San Carlos de Apoquindo"], ["created_at", "2019-04-03 12:49:10.610555"], ["updated_at", "2019-04-03 12:49:10.610555"]]
  ↳ db/seeds.rb:25
  [1m[35m (79.4ms)[0m  [1m[36mcommit transaction[0m
  ↳ db/seeds.rb:25
  [1m[35m (7.1ms)[0m  [1m[36mbegin transaction[0m
  ↳ db/seeds.rb:25
  [1m[36mUser Create (2.1ms)[0m  [1m[32mINSERT INTO "users" ("name", "lastname", "email", "password", "address", "created_at", "updated_at") VALUES (?, ?, ?, ?, ?, ?, ?)[0m  [["name", "Raul"], ["lastname", "Ganfolfi"], ["email", "rgandolfi@miuandes.cl"], ["password", "123456"], ["address", "San Carlos de Apoquindo"], ["created_at", "2019-04-03 12:49:10.709463"], ["updated_at", "2019-04-03 12:49:10.709463"]]
  ↳ db/seeds.rb:25
  [1m[35m (103.1ms)[0m  [1m[36mcommit transaction[0m
  ↳ db/seeds.rb:25
  [1m[35m (0.2ms)[0m  [1m[36mbegin transaction[0m
  ↳ db/seeds.rb:25
  [1m[36mUser Create (2.2ms)[0m  [1m[32mINSERT INTO "users" ("name", "lastname", "email", "password", "address", "created_at", "updated_at") VALUES (?, ?, ?, ?, ?, ?, ?)[0m  [["name", "Licenciado"], ["lastname", "Varela"], ["email", "lvarela@miuandes.cl"], ["password", "123456"], ["address", "San Carlos de Apoquindo"], ["created_at", "2019-04-03 12:49:10.820684"], ["updated_at", "2019-04-03 12:49:10.820684"]]
  ↳ db/seeds.rb:25
  [1m[35m (8.7ms)[0m  [1m[36mcommit transaction[0m
  ↳ db/seeds.rb:25
  [1m[35m (0.1ms)[0m  [1m[36mbegin transaction[0m
  ↳ db/seeds.rb:33
  [1m[36mEventVenue Create (2.6ms)[0m  [1m[32mINSERT INTO "event_venues" ("name", "address", "capacity", "created_at", "updated_at") VALUES (?, ?, ?, ?, ?)[0m  [["name", "Estadio Nacional"], ["address", "Maraton"], ["capacity", 60000], ["created_at", "2019-04-03 12:49:10.876694"], ["updated_at", "2019-04-03 12:49:10.876694"]]
  ↳ db/seeds.rb:33
  [1m[35m (564.2ms)[0m  [1m[36mcommit transaction[0m
  ↳ db/seeds.rb:33
  [1m[35m (0.1ms)[0m  [1m[36mbegin transaction[0m
  ↳ db/seeds.rb:33
  [1m[36mEventVenue Create (6.9ms)[0m  [1m[32mINSERT INTO "event_venues" ("name", "address", "capacity", "created_at", "updated_at") VALUES (?, ?, ?, ?, ?)[0m  [["name", "Estadio Monumental"], ["address", "Exequiel"], ["capacity", 25000], ["created_at", "2019-04-03 12:49:11.449875"], ["updated_at", "2019-04-03 12:49:11.449875"]]
  ↳ db/seeds.rb:33
  [1m[35m (302.5ms)[0m  [1m[36mcommit transaction[0m
  ↳ db/seeds.rb:33
  [1m[35m (0.1ms)[0m  [1m[36mbegin transaction[0m
  ↳ db/seeds.rb:33
  [1m[36mEventVenue Create (0.6ms)[0m  [1m[32mINSERT INTO "event_venues" ("name", "address", "capacity", "created_at", "updated_at") VALUES (?, ?, ?, ?, ?)[0m  [["name", "Movistar Arena"], ["address", "Matta"], ["capacity", 15000], ["created_at", "2019-04-03 12:49:11.763938"], ["updated_at", "2019-04-03 12:49:11.763938"]]
  ↳ db/seeds.rb:33
  [1m[35m (417.3ms)[0m  [1m[36mcommit transaction[0m
  ↳ db/seeds.rb:33
  [1m[35m (0.1ms)[0m  [1m[36mbegin transaction[0m
  ↳ db/seeds.rb:44
  [1m[36mEvent Create (6.7ms)[0m  [1m[32mINSERT INTO "events" ("name", "description", "start_date", "event_venue_id", "created_at", "updated_at") VALUES (?, ?, ?, ?, ?, ?)[0m  [["name", "Festival de la Cancion"], ["description", "Puro reggaeton"], ["start_date", "2019-03-01"], ["event_venue_id", 1], ["created_at", "2019-04-03 12:49:12.255838"], ["updated_at", "2019-04-03 12:49:12.255838"]]
  ↳ db/seeds.rb:44
  [1m[35m (83.9ms)[0m  [1m[36mcommit transaction[0m
  ↳ db/seeds.rb:44
  [1m[35m (0.1ms)[0m  [1m[36mbegin transaction[0m
  ↳ db/seeds.rb:44
  [1m[36mEvent Create (0.9ms)[0m  [1m[32mINSERT INTO "events" ("name", "description", "start_date", "event_venue_id", "created_at", "updated_at") VALUES (?, ?, ?, ?, ?, ?)[0m  [["name", "Twisted Sister"], ["description", "Puro rock"], ["start_date", "2019-04-01"], ["event_venue_id", 2], ["created_at", "2019-04-03 12:49:12.357345"], ["updated_at", "2019-04-03 12:49:12.357345"]]
  ↳ db/seeds.rb:44
  [1m[35m (9.6ms)[0m  [1m[36mcommit transaction[0m
  ↳ db/seeds.rb:44
  [1m[35m (0.1ms)[0m  [1m[36mbegin transaction[0m
  ↳ db/seeds.rb:44
  [1m[36mEvent Create (0.7ms)[0m  [1m[32mINSERT INTO "events" ("name", "description", "start_date", "event_venue_id", "created_at", "updated_at") VALUES (?, ?, ?, ?, ?, ?)[0m  [["name", "Bad Bunny"], ["description", "Puro Trap"], ["start_date", "2019-05-01"], ["event_venue_id", 3], ["created_at", "2019-04-03 12:49:12.371858"], ["updated_at", "2019-04-03 12:49:12.371858"]]
  ↳ db/seeds.rb:44
  [1m[35m (137.7ms)[0m  [1m[36mcommit transaction[0m
  ↳ db/seeds.rb:44
  [1m[35m (0.1ms)[0m  [1m[36mbegin transaction[0m
  ↳ db/seeds.rb:52
  [1m[36mTicketZone Create (2.0ms)[0m  [1m[32mINSERT INTO "ticket_zones" ("zone", "created_at", "updated_at") VALUES (?, ?, ?)[0m  [["zone", "Cancha"], ["created_at", "2019-04-03 12:49:12.533789"], ["updated_at", "2019-04-03 12:49:12.533789"]]
  ↳ db/seeds.rb:52
  [1m[35m (21.6ms)[0m  [1m[36mcommit transaction[0m
  ↳ db/seeds.rb:52
  [1m[35m (0.1ms)[0m  [1m[36mbegin transaction[0m
  ↳ db/seeds.rb:52
  [1m[36mTicketZone Create (4.6ms)[0m  [1m[32mINSERT INTO "ticket_zones" ("zone", "created_at", "updated_at") VALUES (?, ?, ?)[0m  [["zone", "Pacifico"], ["created_at", "2019-04-03 12:49:12.560215"], ["updated_at", "2019-04-03 12:49:12.560215"]]
  ↳ db/seeds.rb:52
  [1m[35m (20.8ms)[0m  [1m[36mcommit transaction[0m
  ↳ db/seeds.rb:52
  [1m[35m (0.1ms)[0m  [1m[36mbegin transaction[0m
  ↳ db/seeds.rb:52
  [1m[36mTicketZone Create (2.8ms)[0m  [1m[32mINSERT INTO "ticket_zones" ("zone", "created_at", "updated_at") VALUES (?, ?, ?)[0m  [["zone", "Pacifico VIP"], ["created_at", "2019-04-03 12:49:12.588488"], ["updated_at", "2019-04-03 12:49:12.588488"]]
  ↳ db/seeds.rb:52
  [1m[35m (14.2ms)[0m  [1m[36mcommit transaction[0m
  ↳ db/seeds.rb:52
  [1m[35m (0.1ms)[0m  [1m[36mbegin transaction[0m
  ↳ db/seeds.rb:68
  [1m[36mTicketType Create (2.0ms)[0m  [1m[32mINSERT INTO "ticket_types" ("event_id", "price", "ticket_zone_id", "created_at", "updated_at") VALUES (?, ?, ?, ?, ?)[0m  [["event_id", 1], ["price", 20000], ["ticket_zone_id", 1], ["created_at", "2019-04-03 12:49:12.645220"], ["updated_at", "2019-04-03 12:49:12.645220"]]
  ↳ db/seeds.rb:68
  [1m[35m (49.8ms)[0m  [1m[36mcommit transaction[0m
  ↳ db/seeds.rb:68
  [1m[35m (0.1ms)[0m  [1m[36mbegin transaction[0m
  ↳ db/seeds.rb:68
  [1m[36mTicketType Create (2.2ms)[0m  [1m[32mINSERT INTO "ticket_types" ("event_id", "price", "ticket_zone_id", "created_at", "updated_at") VALUES (?, ?, ?, ?, ?)[0m  [["event_id", 1], ["price", 30000], ["ticket_zone_id", 2], ["created_at", "2019-04-03 12:49:12.700926"], ["updated_at", "2019-04-03 12:49:12.700926"]]
  ↳ db/seeds.rb:68
  [1m[35m (44.7ms)[0m  [1m[36mcommit transaction[0m
  ↳ db/seeds.rb:68
  [1m[35m (0.1ms)[0m  [1m[36mbegin transaction[0m
  ↳ db/seeds.rb:68
  [1m[36mTicketType Create (2.0ms)[0m  [1m[32mINSERT INTO "ticket_types" ("event_id", "price", "ticket_zone_id", "created_at", "updated_at") VALUES (?, ?, ?, ?, ?)[0m  [["event_id", 1], ["price", 40000], ["ticket_zone_id", 3], ["created_at", "2019-04-03 12:49:12.752495"], ["updated_at", "2019-04-03 12:49:12.752495"]]
  ↳ db/seeds.rb:68
  [1m[35m (126.0ms)[0m  [1m[36mcommit transaction[0m
  ↳ db/seeds.rb:68
  [1m[35m (0.1ms)[0m  [1m[36mbegin transaction[0m
  ↳ db/seeds.rb:68
  [1m[36mTicketType Create (2.0ms)[0m  [1m[32mINSERT INTO "ticket_types" ("event_id", "price", "ticket_zone_id", "created_at", "updated_at") VALUES (?, ?, ?, ?, ?)[0m  [["event_id", 2], ["price", 20000], ["ticket_zone_id", 1], ["created_at", "2019-04-03 12:49:12.884246"], ["updated_at", "2019-04-03 12:49:12.884246"]]
  ↳ db/seeds.rb:68
  [1m[35m (356.6ms)[0m  [1m[36mcommit transaction[0m
  ↳ db/seeds.rb:68
  [1m[35m (0.1ms)[0m  [1m[36mbegin transaction[0m
  ↳ db/seeds.rb:68
  [1m[36mTicketType Create (2.3ms)[0m  [1m[32mINSERT INTO "ticket_types" ("event_id", "price", "ticket_zone_id", "created_at", "updated_at") VALUES (?, ?, ?, ?, ?)[0m  [["event_id", 2], ["price", 30000], ["ticket_zone_id", 2], ["created_at", "2019-04-03 12:49:13.248099"], ["updated_at", "2019-04-03 12:49:13.248099"]]
  ↳ db/seeds.rb:68
  [1m[35m (44.1ms)[0m  [1m[36mcommit transaction[0m
  ↳ db/seeds.rb:68
  [1m[35m (0.1ms)[0m  [1m[36mbegin transaction[0m
  ↳ db/seeds.rb:68
  [1m[36mTicketType Create (2.4ms)[0m  [1m[32mINSERT INTO "ticket_types" ("event_id", "price", "ticket_zone_id", "created_at", "updated_at") VALUES (?, ?, ?, ?, ?)[0m  [["event_id", 2], ["price", 40000], ["ticket_zone_id", 3], ["created_at", "2019-04-03 12:49:13.311069"], ["updated_at", "2019-04-03 12:49:13.311069"]]
  ↳ db/seeds.rb:68
  [1m[35m (8.6ms)[0m  [1m[36mcommit transaction[0m
  ↳ db/seeds.rb:68
  [1m[35m (0.1ms)[0m  [1m[36mbegin transaction[0m
  ↳ db/seeds.rb:68
  [1m[36mTicketType Create (2.1ms)[0m  [1m[32mINSERT INTO "ticket_types" ("event_id", "price", "ticket_zone_id", "created_at", "updated_at") VALUES (?, ?, ?, ?, ?)[0m  [["event_id", 3], ["price", 20000], ["ticket_zone_id", 1], ["created_at", "2019-04-03 12:49:13.327297"], ["updated_at", "2019-04-03 12:49:13.327297"]]
  ↳ db/seeds.rb:68
  [1m[35m (107.4ms)[0m  [1m[36mcommit transaction[0m
  ↳ db/seeds.rb:68
  [1m[35m (12.5ms)[0m  [1m[36mbegin transaction[0m
  ↳ db/seeds.rb:68
  [1m[36mTicketType Create (12.6ms)[0m  [1m[32mINSERT INTO "ticket_types" ("event_id", "price", "ticket_zone_id", "created_at", "updated_at") VALUES (?, ?, ?, ?, ?)[0m  [["event_id", 3], ["price", 30000], ["ticket_zone_id", 2], ["created_at", "2019-04-03 12:49:13.453590"], ["updated_at", "2019-04-03 12:49:13.453590"]]
  ↳ db/seeds.rb:68
  [1m[35m (14.5ms)[0m  [1m[36mcommit transaction[0m
  ↳ db/seeds.rb:68
  [1m[35m (0.1ms)[0m  [1m[36mbegin transaction[0m
  ↳ db/seeds.rb:68
  [1m[36mTicketType Create (4.7ms)[0m  [1m[32mINSERT INTO "ticket_types" ("event_id", "price", "ticket_zone_id", "created_at", "updated_at") VALUES (?, ?, ?, ?, ?)[0m  [["event_id", 3], ["price", 40000], ["ticket_zone_id", 3], ["created_at", "2019-04-03 12:49:13.485777"], ["updated_at", "2019-04-03 12:49:13.485777"]]
  ↳ db/seeds.rb:68
  [1m[35m (31.1ms)[0m  [1m[36mcommit transaction[0m
  ↳ db/seeds.rb:68
  [1m[35m (1.2ms)[0m  [1m[36mbegin transaction[0m
  ↳ db/seeds.rb:74
  [1m[36mOrder Create (2.4ms)[0m  [1m[32mINSERT INTO "orders" ("user_id", "created_at", "updated_at") VALUES (?, ?, ?)[0m  [["user_id", 1], ["created_at", "2019-04-03 12:49:13.563820"], ["updated_at", "2019-04-03 12:49:13.563820"]]
  ↳ db/seeds.rb:74
  [1m[35m (131.6ms)[0m  [1m[36mcommit transaction[0m
  ↳ db/seeds.rb:74
  [1m[36mTicketType Load (0.4ms)[0m  [1m[34mSELECT "ticket_types".* FROM "ticket_types" WHERE "ticket_types"."event_id" = ?[0m  [["event_id", 1]]
  ↳ db/seeds.rb:76
  [1m[35m (0.1ms)[0m  [1m[36mbegin transaction[0m
  ↳ db/seeds.rb:78
  [1m[36mTicket Create (3.9ms)[0m  [1m[32mINSERT INTO "tickets" ("ticket_type_id", "order_id", "created_at", "updated_at") VALUES (?, ?, ?, ?)[0m  [["ticket_type_id", 1], ["order_id", 1], ["created_at", "2019-04-03 12:49:13.743365"], ["updated_at", "2019-04-03 12:49:13.743365"]]
  ↳ db/seeds.rb:78
  [1m[35m (41.4ms)[0m  [1m[36mcommit transaction[0m
  ↳ db/seeds.rb:78
  [1m[35m (0.1ms)[0m  [1m[36mbegin transaction[0m
  ↳ db/seeds.rb:74
  [1m[36mOrder Create (1.9ms)[0m  [1m[32mINSERT INTO "orders" ("user_id", "created_at", "updated_at") VALUES (?, ?, ?)[0m  [["user_id", 1], ["created_at", "2019-04-03 12:49:13.792844"], ["updated_at", "2019-04-03 12:49:13.792844"]]
  ↳ db/seeds.rb:74
  [1m[35m (253.0ms)[0m  [1m[36mcommit transaction[0m
  ↳ db/seeds.rb:74
  [1m[36mTicketType Load (0.4ms)[0m  [1m[34mSELECT "ticket_types".* FROM "ticket_types" WHERE "ticket_types"."event_id" = ?[0m  [["event_id", 2]]
  ↳ db/seeds.rb:76
  [1m[35m (0.3ms)[0m  [1m[36mbegin transaction[0m
  ↳ db/seeds.rb:78
  [1m[36mTicket Create (2.4ms)[0m  [1m[32mINSERT INTO "tickets" ("ticket_type_id", "order_id", "created_at", "updated_at") VALUES (?, ?, ?, ?)[0m  [["ticket_type_id", 4], ["order_id", 2], ["created_at", "2019-04-03 12:49:14.057797"], ["updated_at", "2019-04-03 12:49:14.057797"]]
  ↳ db/seeds.rb:78
  [1m[35m (63.1ms)[0m  [1m[36mcommit transaction[0m
  ↳ db/seeds.rb:78
  [1m[35m (0.1ms)[0m  [1m[36mbegin transaction[0m
  ↳ db/seeds.rb:74
  [1m[36mOrder Create (0.4ms)[0m  [1m[32mINSERT INTO "orders" ("user_id", "created_at", "updated_at") VALUES (?, ?, ?)[0m  [["user_id", 1], ["created_at", "2019-04-03 12:49:14.130454"], ["updated_at", "2019-04-03 12:49:14.130454"]]
  ↳ db/seeds.rb:74
  [1m[35m (110.4ms)[0m  [1m[36mcommit transaction[0m
  ↳ db/seeds.rb:74
  [1m[36mTicketType Load (0.2ms)[0m  [1m[34mSELECT "ticket_types".* FROM "ticket_types" WHERE "ticket_types"."event_id" = ?[0m  [["event_id", 3]]
  ↳ db/seeds.rb:76
  [1m[35m (0.1ms)[0m  [1m[36mbegin transaction[0m
  ↳ db/seeds.rb:78
  [1m[36mTicket Create (0.4ms)[0m  [1m[32mINSERT INTO "tickets" ("ticket_type_id", "order_id", "created_at", "updated_at") VALUES (?, ?, ?, ?)[0m  [["ticket_type_id", 9], ["order_id", 3], ["created_at", "2019-04-03 12:49:14.245906"], ["updated_at", "2019-04-03 12:49:14.245906"]]
  ↳ db/seeds.rb:78
  [1m[35m (80.8ms)[0m  [1m[36mcommit transaction[0m
  ↳ db/seeds.rb:78
  [1m[35m (0.1ms)[0m  [1m[36mbegin transaction[0m
  ↳ db/seeds.rb:74
  [1m[36mOrder Create (2.6ms)[0m  [1m[32mINSERT INTO "orders" ("user_id", "created_at", "updated_at") VALUES (?, ?, ?)[0m  [["user_id", 2], ["created_at", "2019-04-03 12:49:14.330382"], ["updated_at", "2019-04-03 12:49:14.330382"]]
  ↳ db/seeds.rb:74
  [1m[35m (44.5ms)[0m  [1m[36mcommit transaction[0m
  ↳ db/seeds.rb:74
  [1m[36mTicketType Load (0.2ms)[0m  [1m[34mSELECT "ticket_types".* FROM "ticket_types" WHERE "ticket_types"."event_id" = ?[0m  [["event_id", 1]]
  ↳ db/seeds.rb:76
  [1m[35m (0.1ms)[0m  [1m[36mbegin transaction[0m
  ↳ db/seeds.rb:78
  [1m[36mTicket Create (2.6ms)[0m  [1m[32mINSERT INTO "tickets" ("ticket_type_id", "order_id", "created_at", "updated_at") VALUES (?, ?, ?, ?)[0m  [["ticket_type_id", 2], ["order_id", 4], ["created_at", "2019-04-03 12:49:14.386342"], ["updated_at", "2019-04-03 12:49:14.386342"]]
  ↳ db/seeds.rb:78
  [1m[35m (120.8ms)[0m  [1m[36mcommit transaction[0m
  ↳ db/seeds.rb:78
  [1m[35m (0.2ms)[0m  [1m[36mbegin transaction[0m
  ↳ db/seeds.rb:74
  [1m[36mOrder Create (2.4ms)[0m  [1m[32mINSERT INTO "orders" ("user_id", "created_at", "updated_at") VALUES (?, ?, ?)[0m  [["user_id", 2], ["created_at", "2019-04-03 12:49:14.522947"], ["updated_at", "2019-04-03 12:49:14.522947"]]
  ↳ db/seeds.rb:74
  [1m[35m (264.6ms)[0m  [1m[36mcommit transaction[0m
  ↳ db/seeds.rb:74
  [1m[36mTicketType Load (0.3ms)[0m  [1m[34mSELECT "ticket_types".* FROM "ticket_types" WHERE "ticket_types"."event_id" = ?[0m  [["event_id", 2]]
  ↳ db/seeds.rb:76
  [1m[35m (0.1ms)[0m  [1m[36mbegin transaction[0m
  ↳ db/seeds.rb:78
  [1m[36mTicket Create (0.9ms)[0m  [1m[32mINSERT INTO "tickets" ("ticket_type_id", "order_id", "created_at", "updated_at") VALUES (?, ?, ?, ?)[0m  [["ticket_type_id", 5], ["order_id", 5], ["created_at", "2019-04-03 12:49:14.797508"], ["updated_at", "2019-04-03 12:49:14.797508"]]
  ↳ db/seeds.rb:78
  [1m[35m (66.5ms)[0m  [1m[36mcommit transaction[0m
  ↳ db/seeds.rb:78
  [1m[35m (0.1ms)[0m  [1m[36mbegin transaction[0m
  ↳ db/seeds.rb:74
  [1m[36mOrder Create (0.7ms)[0m  [1m[32mINSERT INTO "orders" ("user_id", "created_at", "updated_at") VALUES (?, ?, ?)[0m  [["user_id", 2], ["created_at", "2019-04-03 12:49:14.869450"], ["updated_at", "2019-04-03 12:49:14.869450"]]
  ↳ db/seeds.rb:74
  [1m[35m (29.1ms)[0m  [1m[36mcommit transaction[0m
  ↳ db/seeds.rb:74
  [1m[36mTicketType Load (0.3ms)[0m  [1m[34mSELECT "ticket_types".* FROM "ticket_types" WHERE "ticket_types"."event_id" = ?[0m  [["event_id", 3]]
  ↳ db/seeds.rb:76
  [1m[35m (0.1ms)[0m  [1m[36mbegin transaction[0m
  ↳ db/seeds.rb:78
  [1m[36mTicket Create (0.7ms)[0m  [1m[32mINSERT INTO "tickets" ("ticket_type_id", "order_id", "created_at", "updated_at") VALUES (?, ?, ?, ?)[0m  [["ticket_type_id", 9], ["order_id", 6], ["created_at", "2019-04-03 12:49:14.905812"], ["updated_at", "2019-04-03 12:49:14.905812"]]
  ↳ db/seeds.rb:78
  [1m[35m (53.1ms)[0m  [1m[36mcommit transaction[0m
  ↳ db/seeds.rb:78
  [1m[35m (0.1ms)[0m  [1m[36mbegin transaction[0m
  ↳ db/seeds.rb:74
  [1m[36mOrder Create (2.3ms)[0m  [1m[32mINSERT INTO "orders" ("user_id", "created_at", "updated_at") VALUES (?, ?, ?)[0m  [["user_id", 3], ["created_at", "2019-04-03 12:49:14.963323"], ["updated_at", "2019-04-03 12:49:14.963323"]]
  ↳ db/seeds.rb:74
  [1m[35m (42.5ms)[0m  [1m[36mcommit transaction[0m
  ↳ db/seeds.rb:74
  [1m[36mTicketType Load (1.3ms)[0m  [1m[34mSELECT "ticket_types".* FROM "ticket_types" WHERE "ticket_types"."event_id" = ?[0m  [["event_id", 1]]
  ↳ db/seeds.rb:76
  [1m[35m (0.1ms)[0m  [1m[36mbegin transaction[0m
  ↳ db/seeds.rb:78
  [1m[36mTicket Create (0.5ms)[0m  [1m[32mINSERT INTO "tickets" ("ticket_type_id", "order_id", "created_at", "updated_at") VALUES (?, ?, ?, ?)[0m  [["ticket_type_id", 1], ["order_id", 7], ["created_at", "2019-04-03 12:49:15.020365"], ["updated_at", "2019-04-03 12:49:15.020365"]]
  ↳ db/seeds.rb:78
  [1m[35m (107.5ms)[0m  [1m[36mcommit transaction[0m
  ↳ db/seeds.rb:78
  [1m[35m (0.1ms)[0m  [1m[36mbegin transaction[0m
  ↳ db/seeds.rb:74
  [1m[36mOrder Create (0.7ms)[0m  [1m[32mINSERT INTO "orders" ("user_id", "created_at", "updated_at") VALUES (?, ?, ?)[0m  [["user_id", 3], ["created_at", "2019-04-03 12:49:15.131971"], ["updated_at", "2019-04-03 12:49:15.131971"]]
  ↳ db/seeds.rb:74
  [1m[35m (106.6ms)[0m  [1m[36mcommit transaction[0m
  ↳ db/seeds.rb:74
  [1m[36mTicketType Load (0.2ms)[0m  [1m[34mSELECT "ticket_types".* FROM "ticket_types" WHERE "ticket_types"."event_id" = ?[0m  [["event_id", 2]]
  ↳ db/seeds.rb:76
  [1m[35m (0.1ms)[0m  [1m[36mbegin transaction[0m
  ↳ db/seeds.rb:78
  [1m[36mTicket Create (0.7ms)[0m  [1m[32mINSERT INTO "tickets" ("ticket_type_id", "order_id", "created_at", "updated_at") VALUES (?, ?, ?, ?)[0m  [["ticket_type_id", 4], ["order_id", 8], ["created_at", "2019-04-03 12:49:15.247032"], ["updated_at", "2019-04-03 12:49:15.247032"]]
  ↳ db/seeds.rb:78
  [1m[35m (41.2ms)[0m  [1m[36mcommit transaction[0m
  ↳ db/seeds.rb:78
  [1m[35m (0.1ms)[0m  [1m[36mbegin transaction[0m
  ↳ db/seeds.rb:74
  [1m[36mOrder Create (1.7ms)[0m  [1m[32mINSERT INTO "orders" ("user_id", "created_at", "updated_at") VALUES (?, ?, ?)[0m  [["user_id", 3], ["created_at", "2019-04-03 12:49:15.295800"], ["updated_at", "2019-04-03 12:49:15.295800"]]
  ↳ db/seeds.rb:74
  [1m[35m (5.7ms)[0m  [1m[36mcommit transaction[0m
  ↳ db/seeds.rb:74
  [1m[36mTicketType Load (0.3ms)[0m  [1m[34mSELECT "ticket_types".* FROM "ticket_types" WHERE "ticket_types"."event_id" = ?[0m  [["event_id", 3]]
  ↳ db/seeds.rb:76
  [1m[35m (0.1ms)[0m  [1m[36mbegin transaction[0m
  ↳ db/seeds.rb:78
  [1m[36mTicket Create (1.3ms)[0m  [1m[32mINSERT INTO "tickets" ("ticket_type_id", "order_id", "created_at", "updated_at") VALUES (?, ?, ?, ?)[0m  [["ticket_type_id", 7], ["order_id", 9], ["created_at", "2019-04-03 12:49:15.309962"], ["updated_at", "2019-04-03 12:49:15.309962"]]
  ↳ db/seeds.rb:78
  [1m[35m (45.5ms)[0m  [1m[36mcommit transaction[0m
  ↳ db/seeds.rb:78
  [1m[35m (0.1ms)[0m  [1m[36mbegin transaction[0m
  ↳ db/seeds.rb:74
  [1m[36mOrder Create (2.8ms)[0m  [1m[32mINSERT INTO "orders" ("user_id", "created_at", "updated_at") VALUES (?, ?, ?)[0m  [["user_id", 4], ["created_at", "2019-04-03 12:49:15.361021"], ["updated_at", "2019-04-03 12:49:15.361021"]]
  ↳ db/seeds.rb:74
  [1m[35m (22.4ms)[0m  [1m[36mcommit transaction[0m
  ↳ db/seeds.rb:74
  [1m[36mTicketType Load (0.4ms)[0m  [1m[34mSELECT "ticket_types".* FROM "ticket_types" WHERE "ticket_types"."event_id" = ?[0m  [["event_id", 1]]
  ↳ db/seeds.rb:76
  [1m[35m (0.1ms)[0m  [1m[36mbegin transaction[0m
  ↳ db/seeds.rb:78
  [1m[36mTicket Create (1.6ms)[0m  [1m[32mINSERT INTO "tickets" ("ticket_type_id", "order_id", "created_at", "updated_at") VALUES (?, ?, ?, ?)[0m  [["ticket_type_id", 3], ["order_id", 10], ["created_at", "2019-04-03 12:49:15.398631"], ["updated_at", "2019-04-03 12:49:15.398631"]]
  ↳ db/seeds.rb:78
  [1m[35m (64.8ms)[0m  [1m[36mcommit transaction[0m
  ↳ db/seeds.rb:78
  [1m[35m (0.1ms)[0m  [1m[36mbegin transaction[0m
  ↳ db/seeds.rb:74
  [1m[36mOrder Create (2.9ms)[0m  [1m[32mINSERT INTO "orders" ("user_id", "created_at", "updated_at") VALUES (?, ?, ?)[0m  [["user_id", 4], ["created_at", "2019-04-03 12:49:15.481964"], ["updated_at", "2019-04-03 12:49:15.481964"]]
  ↳ db/seeds.rb:74
  [1m[35m (399.2ms)[0m  [1m[36mcommit transaction[0m
  ↳ db/seeds.rb:74
  [1m[36mTicketType Load (0.2ms)[0m  [1m[34mSELECT "ticket_types".* FROM "ticket_types" WHERE "ticket_types"."event_id" = ?[0m  [["event_id", 2]]
  ↳ db/seeds.rb:76
  [1m[35m (0.1ms)[0m  [1m[36mbegin transaction[0m
  ↳ db/seeds.rb:78
  [1m[36mTicket Create (0.5ms)[0m  [1m[32mINSERT INTO "tickets" ("ticket_type_id", "order_id", "created_at", "updated_at") VALUES (?, ?, ?, ?)[0m  [["ticket_type_id", 6], ["order_id", 11], ["created_at", "2019-04-03 12:49:15.889630"], ["updated_at", "2019-04-03 12:49:15.889630"]]
  ↳ db/seeds.rb:78
  [1m[35m (28.9ms)[0m  [1m[36mcommit transaction[0m
  ↳ db/seeds.rb:78
  [1m[35m (0.1ms)[0m  [1m[36mbegin transaction[0m
  ↳ db/seeds.rb:74
  [1m[36mOrder Create (0.5ms)[0m  [1m[32mINSERT INTO "orders" ("user_id", "created_at", "updated_at") VALUES (?, ?, ?)[0m  [["user_id", 4], ["created_at", "2019-04-03 12:49:15.924806"], ["updated_at", "2019-04-03 12:49:15.924806"]]
  ↳ db/seeds.rb:74
  [1m[35m (8.0ms)[0m  [1m[36mcommit transaction[0m
  ↳ db/seeds.rb:74
  [1m[36mTicketType Load (0.3ms)[0m  [1m[34mSELECT "ticket_types".* FROM "ticket_types" WHERE "ticket_types"."event_id" = ?[0m  [["event_id", 3]]
  ↳ db/seeds.rb:76
  [1m[35m (0.1ms)[0m  [1m[36mbegin transaction[0m
  ↳ db/seeds.rb:78
  [1m[36mTicket Create (2.0ms)[0m  [1m[32mINSERT INTO "tickets" ("ticket_type_id", "order_id", "created_at", "updated_at") VALUES (?, ?, ?, ?)[0m  [["ticket_type_id", 7], ["order_id", 12], ["created_at", "2019-04-03 12:49:15.942445"], ["updated_at", "2019-04-03 12:49:15.942445"]]
  ↳ db/seeds.rb:78
  [1m[35m (23.1ms)[0m  [1m[36mcommit transaction[0m
  ↳ db/seeds.rb:78
  [1m[35m (0.1ms)[0m  [1m[36mbegin transaction[0m
  ↳ db/seeds.rb:74
  [1m[36mOrder Create (2.1ms)[0m  [1m[32mINSERT INTO "orders" ("user_id", "created_at", "updated_at") VALUES (?, ?, ?)[0m  [["user_id", 5], ["created_at", "2019-04-03 12:49:15.971497"], ["updated_at", "2019-04-03 12:49:15.971497"]]
  ↳ db/seeds.rb:74
  [1m[35m (25.7ms)[0m  [1m[36mcommit transaction[0m
  ↳ db/seeds.rb:74
  [1m[36mTicketType Load (0.3ms)[0m  [1m[34mSELECT "ticket_types".* FROM "ticket_types" WHERE "ticket_types"."event_id" = ?[0m  [["event_id", 1]]
  ↳ db/seeds.rb:76
  [1m[35m (0.1ms)[0m  [1m[36mbegin transaction[0m
  ↳ db/seeds.rb:78
  [1m[36mTicket Create (2.2ms)[0m  [1m[32mINSERT INTO "tickets" ("ticket_type_id", "order_id", "created_at", "updated_at") VALUES (?, ?, ?, ?)[0m  [["ticket_type_id", 3], ["order_id", 13], ["created_at", "2019-04-03 12:49:16.006593"], ["updated_at", "2019-04-03 12:49:16.006593"]]
  ↳ db/seeds.rb:78
  [1m[35m (41.5ms)[0m  [1m[36mcommit transaction[0m
  ↳ db/seeds.rb:78
  [1m[35m (0.1ms)[0m  [1m[36mbegin transaction[0m
  ↳ db/seeds.rb:74
  [1m[36mOrder Create (2.0ms)[0m  [1m[32mINSERT INTO "orders" ("user_id", "created_at", "updated_at") VALUES (?, ?, ?)[0m  [["user_id", 5], ["created_at", "2019-04-03 12:49:16.059035"], ["updated_at", "2019-04-03 12:49:16.059035"]]
  ↳ db/seeds.rb:74
  [1m[35m (33.9ms)[0m  [1m[36mcommit transaction[0m
  ↳ db/seeds.rb:74
  [1m[36mTicketType Load (0.2ms)[0m  [1m[34mSELECT "ticket_types".* FROM "ticket_types" WHERE "ticket_types"."event_id" = ?[0m  [["event_id", 2]]
  ↳ db/seeds.rb:76
  [1m[35m (0.1ms)[0m  [1m[36mbegin transaction[0m
  ↳ db/seeds.rb:78
  [1m[36mTicket Create (2.0ms)[0m  [1m[32mINSERT INTO "tickets" ("ticket_type_id", "order_id", "created_at", "updated_at") VALUES (?, ?, ?, ?)[0m  [["ticket_type_id", 5], ["order_id", 14], ["created_at", "2019-04-03 12:49:16.102141"], ["updated_at", "2019-04-03 12:49:16.102141"]]
  ↳ db/seeds.rb:78
  [1m[35m (28.4ms)[0m  [1m[36mcommit transaction[0m
  ↳ db/seeds.rb:78
  [1m[35m (0.1ms)[0m  [1m[36mbegin transaction[0m
  ↳ db/seeds.rb:74
  [1m[36mOrder Create (2.1ms)[0m  [1m[32mINSERT INTO "orders" ("user_id", "created_at", "updated_at") VALUES (?, ?, ?)[0m  [["user_id", 5], ["created_at", "2019-04-03 12:49:16.138131"], ["updated_at", "2019-04-03 12:49:16.138131"]]
  ↳ db/seeds.rb:74
  [1m[35m (65.2ms)[0m  [1m[36mcommit transaction[0m
  ↳ db/seeds.rb:74
  [1m[36mTicketType Load (0.2ms)[0m  [1m[34mSELECT "ticket_types".* FROM "ticket_types" WHERE "ticket_types"."event_id" = ?[0m  [["event_id", 3]]
  ↳ db/seeds.rb:76
  [1m[35m (0.1ms)[0m  [1m[36mbegin transaction[0m
  ↳ db/seeds.rb:78
  [1m[36mTicket Create (6.7ms)[0m  [1m[32mINSERT INTO "tickets" ("ticket_type_id", "order_id", "created_at", "updated_at") VALUES (?, ?, ?, ?)[0m  [["ticket_type_id", 8], ["order_id", 15], ["created_at", "2019-04-03 12:49:16.211217"], ["updated_at", "2019-04-03 12:49:16.211217"]]
  ↳ db/seeds.rb:78
  [1m[35m (12.2ms)[0m  [1m[36mcommit transaction[0m
  ↳ db/seeds.rb:78
  [1m[35m (0.3ms)[0m  [1m[34mSELECT "schema_migrations"."version" FROM "schema_migrations" ORDER BY "schema_migrations"."version" ASC[0m
  ↳ /home/cuslar/.rvm/gems/ruby-2.5.1/bin/rake:23
Migrating to AddPhoneTo (20190403125130)
  [1m[35m (0.1ms)[0m  [1m[36mbegin transaction[0m
  ↳ /home/cuslar/.rvm/gems/ruby-2.5.1/bin/rake:23
  [1m[36mActiveRecord::SchemaMigration Create (0.9ms)[0m  [1m[32mINSERT INTO "schema_migrations" ("version") VALUES (?)[0m  [["version", "20190403125130"]]
  ↳ /home/cuslar/.rvm/gems/ruby-2.5.1/bin/rake:23
  [1m[35m (37.1ms)[0m  [1m[36mcommit transaction[0m
  ↳ /home/cuslar/.rvm/gems/ruby-2.5.1/bin/rake:23
  [1m[36mActiveRecord::InternalMetadata Load (0.3ms)[0m  [1m[34mSELECT  "ar_internal_metadata".* FROM "ar_internal_metadata" WHERE "ar_internal_metadata"."key" = ? LIMIT ?[0m  [["key", "environment"], ["LIMIT", 1]]
  ↳ /home/cuslar/.rvm/gems/ruby-2.5.1/bin/rake:23
  [1m[35m (0.1ms)[0m  [1m[36mbegin transaction[0m
  ↳ /home/cuslar/.rvm/gems/ruby-2.5.1/bin/rake:23
  [1m[35m (0.1ms)[0m  [1m[36mcommit transaction[0m
  ↳ /home/cuslar/.rvm/gems/ruby-2.5.1/bin/rake:23
  [1m[35m (0.2ms)[0m  [1m[34mSELECT "schema_migrations"."version" FROM "schema_migrations" ORDER BY "schema_migrations"."version" ASC[0m
  ↳ /home/cuslar/.rvm/gems/ruby-2.5.1/bin/rake:23
  [1m[35m (0.3ms)[0m  [1m[34mSELECT "schema_migrations"."version" FROM "schema_migrations" ORDER BY "schema_migrations"."version" ASC[0m
  ↳ /home/cuslar/.rvm/gems/ruby-2.5.1/bin/rake:23
Migrating to AddPhoneToUser (20190403125258)
  [1m[35m (0.1ms)[0m  [1m[36mbegin transaction[0m
  ↳ /home/cuslar/.rvm/gems/ruby-2.5.1/bin/rake:23
  [1m[35m (33.1ms)[0m  [1m[35mALTER TABLE "users" ADD "phone" integer[0m
  ↳ db/migrate/20190403125258_add_phone_to_user.rb:3
  [1m[36mActiveRecord::SchemaMigration Create (0.5ms)[0m  [1m[32mINSERT INTO "schema_migrations" ("version") VALUES (?)[0m  [["version", "20190403125258"]]
  ↳ /home/cuslar/.rvm/gems/ruby-2.5.1/bin/rake:23
  [1m[35m (28.2ms)[0m  [1m[36mcommit transaction[0m
  ↳ /home/cuslar/.rvm/gems/ruby-2.5.1/bin/rake:23
  [1m[36mActiveRecord::InternalMetadata Load (0.3ms)[0m  [1m[34mSELECT  "ar_internal_metadata".* FROM "ar_internal_metadata" WHERE "ar_internal_metadata"."key" = ? LIMIT ?[0m  [["key", "environment"], ["LIMIT", 1]]
  ↳ /home/cuslar/.rvm/gems/ruby-2.5.1/bin/rake:23
  [1m[35m (0.1ms)[0m  [1m[36mbegin transaction[0m
  ↳ /home/cuslar/.rvm/gems/ruby-2.5.1/bin/rake:23
  [1m[35m (0.2ms)[0m  [1m[36mcommit transaction[0m
  ↳ /home/cuslar/.rvm/gems/ruby-2.5.1/bin/rake:23
  [1m[35m (0.4ms)[0m  [1m[34mSELECT "schema_migrations"."version" FROM "schema_migrations" ORDER BY "schema_migrations"."version" ASC[0m
  ↳ /home/cuslar/.rvm/gems/ruby-2.5.1/bin/rake:23
  [1m[35m (0.1ms)[0m  [1m[36mbegin transaction[0m
  [1m[36mUser Create (2.1ms)[0m  [1m[32mINSERT INTO "users" ("name", "lastname", "email", "password", "address", "created_at", "updated_at", "phone") VALUES (?, ?, ?, ?, ?, ?, ?, ?)[0m  [["name", "Cristobal"], ["lastname", "Uslar"], ["email", "hola@gmail.com"], ["password", "hola123"], ["address", "hola345"], ["created_at", "2019-04-03 12:53:23.655580"], ["updated_at", "2019-04-03 12:53:23.655580"], ["phone", 77768]]
  [1m[35m (46.5ms)[0m  [1m[36mcommit transaction[0m
  [1m[35m (0.3ms)[0m  [1m[34mSELECT "schema_migrations"."version" FROM "schema_migrations" ORDER BY "schema_migrations"."version" ASC[0m
  ↳ /home/cuslar/.rvm/gems/ruby-2.5.1/bin/rake:23
  [1m[36mActiveRecord::InternalMetadata Load (0.3ms)[0m  [1m[34mSELECT  "ar_internal_metadata".* FROM "ar_internal_metadata" WHERE "ar_internal_metadata"."key" = ? LIMIT ?[0m  [["key", "environment"], ["LIMIT", 1]]
  ↳ /home/cuslar/.rvm/gems/ruby-2.5.1/bin/rake:23
  [1m[35m (0.1ms)[0m  [1m[36mbegin transaction[0m
  ↳ /home/cuslar/.rvm/gems/ruby-2.5.1/bin/rake:23
  [1m[35m (0.1ms)[0m  [1m[36mcommit transaction[0m
  ↳ /home/cuslar/.rvm/gems/ruby-2.5.1/bin/rake:23
  [1m[35m (0.2ms)[0m  [1m[34mSELECT "schema_migrations"."version" FROM "schema_migrations" ORDER BY "schema_migrations"."version" ASC[0m
  ↳ /home/cuslar/.rvm/gems/ruby-2.5.1/bin/rake:23
  [1m[35m (0.4ms)[0m  [1m[34mSELECT "schema_migrations"."version" FROM "schema_migrations" ORDER BY "schema_migrations"."version" ASC[0m
  ↳ /home/cuslar/.rvm/gems/ruby-2.5.1/bin/rake:23
  [1m[36mActiveRecord::InternalMetadata Load (0.3ms)[0m  [1m[34mSELECT  "ar_internal_metadata".* FROM "ar_internal_metadata" WHERE "ar_internal_metadata"."key" = ? LIMIT ?[0m  [["key", "environment"], ["LIMIT", 1]]
  ↳ /home/cuslar/.rvm/gems/ruby-2.5.1/bin/rake:23
  [1m[35m (0.1ms)[0m  [1m[36mbegin transaction[0m
  ↳ /home/cuslar/.rvm/gems/ruby-2.5.1/bin/rake:23
  [1m[35m (0.1ms)[0m  [1m[36mcommit transaction[0m
  ↳ /home/cuslar/.rvm/gems/ruby-2.5.1/bin/rake:23
  [1m[35m (0.2ms)[0m  [1m[34mSELECT "schema_migrations"."version" FROM "schema_migrations" ORDER BY "schema_migrations"."version" ASC[0m
  ↳ /home/cuslar/.rvm/gems/ruby-2.5.1/bin/rake:23
  [1m[35m (0.2ms)[0m  [1m[36mbegin transaction[0m
  [1m[35m (0.2ms)[0m  [1m[31mrollback transaction[0m
  [1m[36mUser Load (0.5ms)[0m  [1m[34mSELECT  "users".* FROM "users" LIMIT ?[0m  [["LIMIT", 11]]
  [1m[36mUser Destroy (0.3ms)[0m  [1m[31mDELETE FROM "users" WHERE "users"."id" = ?[0m  [["id", 0]]
  [1m[36mUser Destroy (0.4ms)[0m  [1m[31mDELETE FROM "users" WHERE "users"."id" = ?[0m  [["id", 0]]
  [1m[36mUser Destroy (0.3ms)[0m  [1m[31mDELETE FROM "users" WHERE "users"."id" = ?[0m  [["id", 0]]
  [1m[36mUser Destroy (0.4ms)[0m  [1m[31mDELETE FROM "users" WHERE "users"."id" = ?[0m  [["id", 0]]
  [1m[36mUser Load (0.3ms)[0m  [1m[34mSELECT  "users".* FROM "users" LIMIT ?[0m  [["LIMIT", 11]]
  [1m[36mUser Destroy (26.5ms)[0m  [1m[31mDELETE FROM "users" WHERE "users"."id" = ?[0m  [["id", 1]]
  [1m[36mUser Destroy (23.5ms)[0m  [1m[31mDELETE FROM "users" WHERE "users"."id" = ?[0m  [["id", 2]]
  [1m[36mUser Destroy (5.6ms)[0m  [1m[31mDELETE FROM "users" WHERE "users"."id" = ?[0m  [["id", 3]]
  [1m[36mUser Load (0.3ms)[0m  [1m[34mSELECT  "users".* FROM "users" LIMIT ?[0m  [["LIMIT", 11]]
  [1m[36mUser Destroy (0.3ms)[0m  [1m[31mDELETE FROM "users" WHERE "users"."id" = ?[0m  [["id", 0]]
  [1m[36mUser Destroy (13.4ms)[0m  [1m[31mDELETE FROM "users" WHERE "users"."id" = ?[0m  [["id", 1]]
  [1m[36mUser Load (0.4ms)[0m  [1m[34mSELECT  "users".* FROM "users" LIMIT ?[0m  [["LIMIT", 11]]
  [1m[36mUser Destroy (26.1ms)[0m  [1m[31mDELETE FROM "users" WHERE "users"."id" = ?[0m  [["id", 5]]
  [1m[36mUser Destroy (84.1ms)[0m  [1m[31mDELETE FROM "users" WHERE "users"."id" = ?[0m  [["id", 4]]
  [1m[36mUser Load (0.3ms)[0m  [1m[34mSELECT  "users".* FROM "users" LIMIT ?[0m  [["LIMIT", 11]]
  [1m[36mUser Destroy (26.2ms)[0m  [1m[31mDELETE FROM "users" WHERE "users"."id" = ?[0m  [["id", 6]]
  [1m[36mUser Load (0.2ms)[0m  [1m[34mSELECT  "users".* FROM "users" LIMIT ?[0m  [["LIMIT", 11]]
  [1m[35m (0.1ms)[0m  [1m[36mbegin transaction[0m
  [1m[35m (0.1ms)[0m  [1m[31mrollback transaction[0m
  [1m[36mUser Load (0.2ms)[0m  [1m[34mSELECT  "users".* FROM "users" LIMIT ?[0m  [["LIMIT", 11]]
  [1m[35m (0.2ms)[0m  [1m[36mbegin transaction[0m
  [1m[35m (0.1ms)[0m  [1m[31mrollback transaction[0m
  [1m[36mUser Load (0.2ms)[0m  [1m[34mSELECT  "users".* FROM "users" LIMIT ?[0m  [["LIMIT", 11]]
  [1m[35m (0.2ms)[0m  [1m[36mbegin transaction[0m
  [1m[36mUser Create (0.7ms)[0m  [1m[32mINSERT INTO "users" ("name", "lastname", "email", "password", "address", "created_at", "updated_at", "phone") VALUES (?, ?, ?, ?, ?, ?, ?, ?)[0m  [["name", "Cristobal"], ["lastname", "Uslar"], ["email", "hola@gmail.com"], ["password", "hola1245673"], ["address", "hola345"], ["created_at", "2019-04-03 13:01:56.736342"], ["updated_at", "2019-04-03 13:01:56.736342"], ["phone", 7776990008]]
  [1m[35m (25.5ms)[0m  [1m[36mcommit transaction[0m
  [1m[36mUser Load (0.2ms)[0m  [1m[34mSELECT  "users".* FROM "users" LIMIT ?[0m  [["LIMIT", 11]]
  [1m[36mUser Destroy (26.5ms)[0m  [1m[31mDELETE FROM "users" WHERE "users"."id" = ?[0m  [["id", 7]]
  [1m[35m (0.3ms)[0m  [1m[34mSELECT "schema_migrations"."version" FROM "schema_migrations" ORDER BY "schema_migrations"."version" ASC[0m
  ↳ /home/cuslar/.rvm/gems/ruby-2.5.1/bin/rake:23
  [1m[36mActiveRecord::InternalMetadata Load (0.3ms)[0m  [1m[34mSELECT  "ar_internal_metadata".* FROM "ar_internal_metadata" WHERE "ar_internal_metadata"."key" = ? LIMIT ?[0m  [["key", "environment"], ["LIMIT", 1]]
  ↳ /home/cuslar/.rvm/gems/ruby-2.5.1/bin/rake:23
  [1m[35m (0.1ms)[0m  [1m[36mbegin transaction[0m
  ↳ /home/cuslar/.rvm/gems/ruby-2.5.1/bin/rake:23
  [1m[35m (0.1ms)[0m  [1m[36mcommit transaction[0m
  ↳ /home/cuslar/.rvm/gems/ruby-2.5.1/bin/rake:23
  [1m[35m (0.2ms)[0m  [1m[34mSELECT "schema_migrations"."version" FROM "schema_migrations" ORDER BY "schema_migrations"."version" ASC[0m
  ↳ /home/cuslar/.rvm/gems/ruby-2.5.1/bin/rake:23
  [1m[35m (0.1ms)[0m  [1m[36mbegin transaction[0m
  [1m[35m (0.1ms)[0m  [1m[31mrollback transaction[0m
  [1m[35m (0.1ms)[0m  [1m[36mbegin transaction[0m
  [1m[35m (0.1ms)[0m  [1m[31mrollback transaction[0m
  [1m[35m (0.1ms)[0m  [1m[36mbegin transaction[0m
  [1m[36mUser Create (0.7ms)[0m  [1m[32mINSERT INTO "users" ("name", "lastname", "email", "password", "address", "created_at", "updated_at", "phone") VALUES (?, ?, ?, ?, ?, ?, ?, ?)[0m  [["name", "Cristobal"], ["lastname", "Uslar"], ["email", "hola@gmail.com"], ["password", "hola12456"], ["address", "hola345"], ["created_at", "2019-04-03 13:17:18.773629"], ["updated_at", "2019-04-03 13:17:18.773629"], ["phone", 7776990008]]
  [1m[35m (17.5ms)[0m  [1m[36mcommit transaction[0m
  [1m[36mUser Load (0.4ms)[0m  [1m[34mSELECT  "users".* FROM "users" LIMIT ?[0m  [["LIMIT", 11]]
  [1m[35m (0.1ms)[0m  [1m[36mbegin transaction[0m
  [1m[35m (0.1ms)[0m  [1m[31mrollback transaction[0m
  [1m[35m (0.1ms)[0m  [1m[36mbegin transaction[0m
  [1m[35m (0.1ms)[0m  [1m[31mrollback transaction[0m
  [1m[35m (0.2ms)[0m  [1m[36mbegin transaction[0m
  [1m[36mUser Create (1.4ms)[0m  [1m[32mINSERT INTO "users" ("name", "lastname", "email", "password", "address", "created_at", "updated_at", "phone") VALUES (?, ?, ?, ?, ?, ?, ?, ?)[0m  [["name", "Cristobal"], ["lastname", "Uslar"], ["email", "hola@gmail.com"], ["password", "hol24ff6"], ["address", "hola345"], ["created_at", "2019-04-03 13:18:54.433388"], ["updated_at", "2019-04-03 13:18:54.433388"], ["phone", 7776990008]]
  [1m[35m (33.6ms)[0m  [1m[36mcommit transaction[0m
  [1m[36mUser Load (0.3ms)[0m  [1m[34mSELECT  "users".* FROM "users" LIMIT ?[0m  [["LIMIT", 11]]
  [1m[36mUser Destroy (35.8ms)[0m  [1m[31mDELETE FROM "users" WHERE "users"."id" = ?[0m  [["id", 8]]
  [1m[36mUser Destroy (7.3ms)[0m  [1m[31mDELETE FROM "users" WHERE "users"."id" = ?[0m  [["id", 9]]
  [1m[36mUser Load (0.2ms)[0m  [1m[34mSELECT  "users".* FROM "users" LIMIT ?[0m  [["LIMIT", 11]]
  [1m[35m (0.3ms)[0m  [1m[34mSELECT "schema_migrations"."version" FROM "schema_migrations" ORDER BY "schema_migrations"."version" ASC[0m
  ↳ /home/cuslar/.rvm/gems/ruby-2.5.1/bin/rake:23
  [1m[36mActiveRecord::InternalMetadata Load (0.3ms)[0m  [1m[34mSELECT  "ar_internal_metadata".* FROM "ar_internal_metadata" WHERE "ar_internal_metadata"."key" = ? LIMIT ?[0m  [["key", "environment"], ["LIMIT", 1]]
  ↳ /home/cuslar/.rvm/gems/ruby-2.5.1/bin/rake:23
  [1m[35m (0.1ms)[0m  [1m[36mbegin transaction[0m
  ↳ /home/cuslar/.rvm/gems/ruby-2.5.1/bin/rake:23
  [1m[35m (0.1ms)[0m  [1m[36mcommit transaction[0m
  ↳ /home/cuslar/.rvm/gems/ruby-2.5.1/bin/rake:23
  [1m[35m (0.2ms)[0m  [1m[34mSELECT "schema_migrations"."version" FROM "schema_migrations" ORDER BY "schema_migrations"."version" ASC[0m
  ↳ /home/cuslar/.rvm/gems/ruby-2.5.1/bin/rake:23
  [1m[35m (0.3ms)[0m  [1m[34mSELECT "schema_migrations"."version" FROM "schema_migrations" ORDER BY "schema_migrations"."version" ASC[0m
  ↳ /home/cuslar/.rvm/gems/ruby-2.5.1/bin/rake:23
  [1m[36mActiveRecord::InternalMetadata Load (0.3ms)[0m  [1m[34mSELECT  "ar_internal_metadata".* FROM "ar_internal_metadata" WHERE "ar_internal_metadata"."key" = ? LIMIT ?[0m  [["key", "environment"], ["LIMIT", 1]]
  ↳ /home/cuslar/.rvm/gems/ruby-2.5.1/bin/rake:23
  [1m[35m (0.1ms)[0m  [1m[36mbegin transaction[0m
  ↳ /home/cuslar/.rvm/gems/ruby-2.5.1/bin/rake:23
  [1m[35m (0.1ms)[0m  [1m[36mcommit transaction[0m
  ↳ /home/cuslar/.rvm/gems/ruby-2.5.1/bin/rake:23
  [1m[35m (0.2ms)[0m  [1m[34mSELECT "schema_migrations"."version" FROM "schema_migrations" ORDER BY "schema_migrations"."version" ASC[0m
  ↳ /home/cuslar/.rvm/gems/ruby-2.5.1/bin/rake:23
  [1m[35m (0.1ms)[0m  [1m[36mbegin transaction[0m
  [1m[35m (0.1ms)[0m  [1m[31mrollback transaction[0m
  [1m[35m (0.4ms)[0m  [1m[34mSELECT "schema_migrations"."version" FROM "schema_migrations" ORDER BY "schema_migrations"."version" ASC[0m
  ↳ /home/cuslar/.rvm/gems/ruby-2.5.1/bin/rake:23
  [1m[36mActiveRecord::InternalMetadata Load (0.3ms)[0m  [1m[34mSELECT  "ar_internal_metadata".* FROM "ar_internal_metadata" WHERE "ar_internal_metadata"."key" = ? LIMIT ?[0m  [["key", "environment"], ["LIMIT", 1]]
  ↳ /home/cuslar/.rvm/gems/ruby-2.5.1/bin/rake:23
  [1m[35m (0.1ms)[0m  [1m[36mbegin transaction[0m
  ↳ /home/cuslar/.rvm/gems/ruby-2.5.1/bin/rake:23
  [1m[35m (0.1ms)[0m  [1m[36mcommit transaction[0m
  ↳ /home/cuslar/.rvm/gems/ruby-2.5.1/bin/rake:23
  [1m[35m (0.2ms)[0m  [1m[34mSELECT "schema_migrations"."version" FROM "schema_migrations" ORDER BY "schema_migrations"."version" ASC[0m
  ↳ /home/cuslar/.rvm/gems/ruby-2.5.1/bin/rake:23
  [1m[35m (0.4ms)[0m  [1m[34mSELECT "schema_migrations"."version" FROM "schema_migrations" ORDER BY "schema_migrations"."version" ASC[0m
  ↳ /home/cuslar/.rvm/gems/ruby-2.5.1/bin/rake:23
  [1m[36mActiveRecord::InternalMetadata Load (0.3ms)[0m  [1m[34mSELECT  "ar_internal_metadata".* FROM "ar_internal_metadata" WHERE "ar_internal_metadata"."key" = ? LIMIT ?[0m  [["key", "environment"], ["LIMIT", 1]]
  ↳ /home/cuslar/.rvm/gems/ruby-2.5.1/bin/rake:23
  [1m[35m (0.1ms)[0m  [1m[36mbegin transaction[0m
  ↳ /home/cuslar/.rvm/gems/ruby-2.5.1/bin/rake:23
  [1m[35m (0.1ms)[0m  [1m[36mcommit transaction[0m
  ↳ /home/cuslar/.rvm/gems/ruby-2.5.1/bin/rake:23
  [1m[35m (0.2ms)[0m  [1m[34mSELECT "schema_migrations"."version" FROM "schema_migrations" ORDER BY "schema_migrations"."version" ASC[0m
  ↳ /home/cuslar/.rvm/gems/ruby-2.5.1/bin/rake:23
  [1m[35m (0.3ms)[0m  [1m[34mSELECT "schema_migrations"."version" FROM "schema_migrations" ORDER BY "schema_migrations"."version" ASC[0m
  ↳ /home/cuslar/.rvm/gems/ruby-2.5.1/bin/rake:23
  [1m[36mActiveRecord::InternalMetadata Load (0.3ms)[0m  [1m[34mSELECT  "ar_internal_metadata".* FROM "ar_internal_metadata" WHERE "ar_internal_metadata"."key" = ? LIMIT ?[0m  [["key", "environment"], ["LIMIT", 1]]
  ↳ /home/cuslar/.rvm/gems/ruby-2.5.1/bin/rake:23
  [1m[35m (0.1ms)[0m  [1m[36mbegin transaction[0m
  ↳ /home/cuslar/.rvm/gems/ruby-2.5.1/bin/rake:23
  [1m[35m (0.1ms)[0m  [1m[36mcommit transaction[0m
  ↳ /home/cuslar/.rvm/gems/ruby-2.5.1/bin/rake:23
  [1m[35m (0.1ms)[0m  [1m[34mSELECT "schema_migrations"."version" FROM "schema_migrations" ORDER BY "schema_migrations"."version" ASC[0m
  ↳ /home/cuslar/.rvm/gems/ruby-2.5.1/bin/rake:23
  [1m[35m (0.3ms)[0m  [1m[34mSELECT "schema_migrations"."version" FROM "schema_migrations" ORDER BY "schema_migrations"."version" ASC[0m
  ↳ /home/cuslar/.rvm/gems/ruby-2.5.1/bin/rake:23
  [1m[36mActiveRecord::InternalMetadata Load (0.2ms)[0m  [1m[34mSELECT  "ar_internal_metadata".* FROM "ar_internal_metadata" WHERE "ar_internal_metadata"."key" = ? LIMIT ?[0m  [["key", "environment"], ["LIMIT", 1]]
  ↳ /home/cuslar/.rvm/gems/ruby-2.5.1/bin/rake:23
  [1m[35m (0.1ms)[0m  [1m[36mbegin transaction[0m
  ↳ /home/cuslar/.rvm/gems/ruby-2.5.1/bin/rake:23
  [1m[35m (0.1ms)[0m  [1m[36mcommit transaction[0m
  ↳ /home/cuslar/.rvm/gems/ruby-2.5.1/bin/rake:23
  [1m[35m (0.1ms)[0m  [1m[34mSELECT "schema_migrations"."version" FROM "schema_migrations" ORDER BY "schema_migrations"."version" ASC[0m
  ↳ /home/cuslar/.rvm/gems/ruby-2.5.1/bin/rake:23
  [1m[35m (0.3ms)[0m  [1m[34mSELECT "schema_migrations"."version" FROM "schema_migrations" ORDER BY "schema_migrations"."version" ASC[0m
  ↳ /home/cuslar/.rvm/gems/ruby-2.5.1/bin/rake:23
  [1m[36mActiveRecord::InternalMetadata Load (0.3ms)[0m  [1m[34mSELECT  "ar_internal_metadata".* FROM "ar_internal_metadata" WHERE "ar_internal_metadata"."key" = ? LIMIT ?[0m  [["key", "environment"], ["LIMIT", 1]]
  ↳ /home/cuslar/.rvm/gems/ruby-2.5.1/bin/rake:23
  [1m[35m (0.1ms)[0m  [1m[36mbegin transaction[0m
  ↳ /home/cuslar/.rvm/gems/ruby-2.5.1/bin/rake:23
  [1m[35m (0.1ms)[0m  [1m[36mcommit transaction[0m
  ↳ /home/cuslar/.rvm/gems/ruby-2.5.1/bin/rake:23
  [1m[35m (0.2ms)[0m  [1m[34mSELECT "schema_migrations"."version" FROM "schema_migrations" ORDER BY "schema_migrations"."version" ASC[0m
  ↳ /home/cuslar/.rvm/gems/ruby-2.5.1/bin/rake:23
  [1m[35m (0.1ms)[0m  [1m[36mbegin transaction[0m
  [1m[36mEventVenue Create (1.7ms)[0m  [1m[32mINSERT INTO "event_venues" ("name", "address", "capacity", "created_at", "updated_at") VALUES (?, ?, ?, ?, ?)[0m  [["name", "Lugar de evento con mas de 20 caracteres de nombre"], ["address", "direccion de evento"], ["capacity", 300], ["created_at", "2019-04-03 13:53:05.701307"], ["updated_at", "2019-04-03 13:53:05.701307"]]
  [1m[35m (43.2ms)[0m  [1m[36mcommit transaction[0m
  [1m[36mEventVenue Load (0.4ms)[0m  [1m[34mSELECT  "event_venues".* FROM "event_venues" WHERE "event_venues"."id" = ? LIMIT ?[0m  [["id", 1], ["LIMIT", 1]]
  [1m[35m (0.1ms)[0m  [1m[36mbegin transaction[0m
  [1m[36mEvent Create (1.6ms)[0m  [1m[32mINSERT INTO "events" ("name", "description", "start_date", "event_venue_id", "created_at", "updated_at") VALUES (?, ?, ?, ?, ?, ?)[0m  [["name", "Evento"], ["description", "evento nuevo"], ["start_date", "2019-02-15"], ["event_venue_id", 1], ["created_at", "2019-04-03 13:54:57.645506"], ["updated_at", "2019-04-03 13:54:57.645506"]]
  [1m[35m (33.4ms)[0m  [1m[36mcommit transaction[0m
  [1m[35m (0.3ms)[0m  [1m[34mSELECT "schema_migrations"."version" FROM "schema_migrations" ORDER BY "schema_migrations"."version" ASC[0m
  ↳ /home/cuslar/.rvm/gems/ruby-2.5.1/bin/rake:23
  [1m[36mActiveRecord::InternalMetadata Load (0.3ms)[0m  [1m[34mSELECT  "ar_internal_metadata".* FROM "ar_internal_metadata" WHERE "ar_internal_metadata"."key" = ? LIMIT ?[0m  [["key", "environment"], ["LIMIT", 1]]
  ↳ /home/cuslar/.rvm/gems/ruby-2.5.1/bin/rake:23
  [1m[35m (0.1ms)[0m  [1m[36mbegin transaction[0m
  ↳ /home/cuslar/.rvm/gems/ruby-2.5.1/bin/rake:23
  [1m[35m (0.1ms)[0m  [1m[36mcommit transaction[0m
  ↳ /home/cuslar/.rvm/gems/ruby-2.5.1/bin/rake:23
  [1m[35m (0.2ms)[0m  [1m[34mSELECT "schema_migrations"."version" FROM "schema_migrations" ORDER BY "schema_migrations"."version" ASC[0m
  ↳ /home/cuslar/.rvm/gems/ruby-2.5.1/bin/rake:23
  [1m[35m (0.4ms)[0m  [1m[34mSELECT "schema_migrations"."version" FROM "schema_migrations" ORDER BY "schema_migrations"."version" ASC[0m
  ↳ /home/cuslar/.rvm/gems/ruby-2.5.1/bin/rake:23
  [1m[36mActiveRecord::InternalMetadata Load (0.5ms)[0m  [1m[34mSELECT  "ar_internal_metadata".* FROM "ar_internal_metadata" WHERE "ar_internal_metadata"."key" = ? LIMIT ?[0m  [["key", "environment"], ["LIMIT", 1]]
  ↳ /home/cuslar/.rvm/gems/ruby-2.5.1/bin/rake:23
  [1m[35m (0.1ms)[0m  [1m[36mbegin transaction[0m
  ↳ /home/cuslar/.rvm/gems/ruby-2.5.1/bin/rake:23
  [1m[35m (0.1ms)[0m  [1m[36mcommit transaction[0m
  ↳ /home/cuslar/.rvm/gems/ruby-2.5.1/bin/rake:23
  [1m[35m (0.2ms)[0m  [1m[34mSELECT "schema_migrations"."version" FROM "schema_migrations" ORDER BY "schema_migrations"."version" ASC[0m
  ↳ /home/cuslar/.rvm/gems/ruby-2.5.1/bin/rake:23
  [1m[36mEventVenue Load (0.4ms)[0m  [1m[34mSELECT  "event_venues".* FROM "event_venues" WHERE "event_venues"."id" = ? LIMIT ?[0m  [["id", 1], ["LIMIT", 1]]
  [1m[35m (0.1ms)[0m  [1m[36mbegin transaction[0m
  [1m[35m (0.1ms)[0m  [1m[31mrollback transaction[0m
  [1m[35m (0.1ms)[0m  [1m[36mbegin transaction[0m
  [1m[36mEvent Create (0.6ms)[0m  [1m[32mINSERT INTO "events" ("name", "description", "start_date", "event_venue_id", "created_at", "updated_at") VALUES (?, ?, ?, ?, ?, ?)[0m  [["name", "Evento"], ["description", "evento nuevo"], ["start_date", "2019-05-15"], ["event_venue_id", 1], ["created_at", "2019-04-03 13:58:19.226423"], ["updated_at", "2019-04-03 13:58:19.226423"]]
  [1m[35m (39.7ms)[0m  [1m[36mcommit transaction[0m
  [1m[35m (0.3ms)[0m  [1m[34mSELECT "schema_migrations"."version" FROM "schema_migrations" ORDER BY "schema_migrations"."version" ASC[0m
  ↳ /home/cuslar/.rvm/gems/ruby-2.5.1/bin/rake:23
  [1m[36mActiveRecord::InternalMetadata Load (0.2ms)[0m  [1m[34mSELECT  "ar_internal_metadata".* FROM "ar_internal_metadata" WHERE "ar_internal_metadata"."key" = ? LIMIT ?[0m  [["key", "environment"], ["LIMIT", 1]]
  ↳ /home/cuslar/.rvm/gems/ruby-2.5.1/bin/rake:23
  [1m[35m (0.1ms)[0m  [1m[36mbegin transaction[0m
  ↳ /home/cuslar/.rvm/gems/ruby-2.5.1/bin/rake:23
  [1m[35m (0.7ms)[0m  [1m[36mcommit transaction[0m
  ↳ /home/cuslar/.rvm/gems/ruby-2.5.1/bin/rake:23
  [1m[35m (0.2ms)[0m  [1m[34mSELECT "schema_migrations"."version" FROM "schema_migrations" ORDER BY "schema_migrations"."version" ASC[0m
  ↳ /home/cuslar/.rvm/gems/ruby-2.5.1/bin/rake:23
  [1m[35m (0.4ms)[0m  [1m[34mSELECT "schema_migrations"."version" FROM "schema_migrations" ORDER BY "schema_migrations"."version" ASC[0m
  ↳ /home/cuslar/.rvm/gems/ruby-2.5.1/bin/rake:23
  [1m[36mActiveRecord::InternalMetadata Load (0.4ms)[0m  [1m[34mSELECT  "ar_internal_metadata".* FROM "ar_internal_metadata" WHERE "ar_internal_metadata"."key" = ? LIMIT ?[0m  [["key", "environment"], ["LIMIT", 1]]
  ↳ /home/cuslar/.rvm/gems/ruby-2.5.1/bin/rake:23
  [1m[35m (0.1ms)[0m  [1m[36mbegin transaction[0m
  ↳ /home/cuslar/.rvm/gems/ruby-2.5.1/bin/rake:23
  [1m[35m (0.2ms)[0m  [1m[36mcommit transaction[0m
  ↳ /home/cuslar/.rvm/gems/ruby-2.5.1/bin/rake:23
  [1m[35m (0.2ms)[0m  [1m[34mSELECT "schema_migrations"."version" FROM "schema_migrations" ORDER BY "schema_migrations"."version" ASC[0m
  ↳ /home/cuslar/.rvm/gems/ruby-2.5.1/bin/rake:23
